Using pre-set license
Built from '2022.3/staging' branch; Version is '2022.3.47f1 (88c277b85d21) revision 8962679'; Using compiler version '192829333'; Build Type 'Release'
OS: 'Windows 11  (10.0.26100) 64bit CoreSingleLanguage' Language: 'en' Physical Memory: 8043 MB
BatchMode: 1, IsHumanControllingUs: 0, StartBugReporterOnCrash: 0, Is64bit: 1, IsPro: 1

COMMAND LINE ARGUMENTS:
A:\unityeditor\2022.3.47f1\Editor\Unity.exe
-adb2
-batchMode
-noUpm
-name
AssetImportWorker1
-projectPath
C:/Users/sriva/hexa-game/Hexa game
-logFile
Logs/AssetImportWorker1.log
-srvPort
55581
Successfully changed project path to: C:/Users/sriva/hexa-game/Hexa game
C:/Users/sriva/hexa-game/Hexa game
[UnityMemory] Configuration Parameters - Can be set up in boot.config
    "memorysetup-bucket-allocator-granularity=16"
    "memorysetup-bucket-allocator-bucket-count=8"
    "memorysetup-bucket-allocator-block-size=33554432"
    "memorysetup-bucket-allocator-block-count=8"
    "memorysetup-main-allocator-block-size=16777216"
    "memorysetup-thread-allocator-block-size=16777216"
    "memorysetup-gfx-main-allocator-block-size=16777216"
    "memorysetup-gfx-thread-allocator-block-size=16777216"
    "memorysetup-cache-allocator-block-size=4194304"
    "memorysetup-typetree-allocator-block-size=2097152"
    "memorysetup-profiler-bucket-allocator-granularity=16"
    "memorysetup-profiler-bucket-allocator-bucket-count=8"
    "memorysetup-profiler-bucket-allocator-block-size=33554432"
    "memorysetup-profiler-bucket-allocator-block-count=8"
    "memorysetup-profiler-allocator-block-size=16777216"
    "memorysetup-profiler-editor-allocator-block-size=1048576"
    "memorysetup-temp-allocator-size-main=16777216"
    "memorysetup-job-temp-allocator-block-size=2097152"
    "memorysetup-job-temp-allocator-block-size-background=1048576"
    "memorysetup-job-temp-allocator-reduction-small-platforms=262144"
    "memorysetup-allocator-temp-initial-block-size-main=262144"
    "memorysetup-allocator-temp-initial-block-size-worker=262144"
    "memorysetup-temp-allocator-size-background-worker=32768"
    "memorysetup-temp-allocator-size-job-worker=262144"
    "memorysetup-temp-allocator-size-preload-manager=33554432"
    "memorysetup-temp-allocator-size-nav-mesh-worker=65536"
    "memorysetup-temp-allocator-size-audio-worker=65536"
    "memorysetup-temp-allocator-size-cloud-worker=32768"
    "memorysetup-temp-allocator-size-gi-baking-worker=262144"
    "memorysetup-temp-allocator-size-gfx=262144"
Player connection [18160]  Target information:

Player connection [18160]  * "[IP] 192.168.1.11 [Port] 0 [Flags] 2 [Guid] 3956584312 [EditorId] 3956584312 [Version] 1048832 [Id] WindowsEditor(7,SAMEER) [Debug] 1 [PackageName] WindowsEditor [ProjectName] Editor" 

Player connection [18160] Host joined multi-casting on [225.0.0.222:54997]...
Player connection [18160] Host joined alternative multi-casting on [225.0.0.222:34997]...
[PhysX] Initialized MultithreadedTaskDispatcher with 8 workers.
Refreshing native plugins compatible for Editor in 140.45 ms, found 4 plugins.
Preloading 0 native plugins for Editor in 0.00 ms.
Initialize engine version: 2022.3.47f1 (88c277b85d21)
[Subsystems] Discovering subsystems at path A:/unityeditor/2022.3.47f1/Editor/Data/Resources/UnitySubsystems
[Subsystems] Discovering subsystems at path C:/Users/sriva/hexa-game/Hexa game/Assets
GfxDevice: creating device client; threaded=0; jobified=0
Direct3D:
    Version:  Direct3D 11.0 [level 11.1]
    Renderer: Microsoft Basic Render Driver (ID=0x8c)
    Vendor:   Microsoft
    VRAM:     4021 MB
Initialize mono
Mono path[0] = 'A:/unityeditor/2022.3.47f1/Editor/Data/Managed'
Mono path[1] = 'A:/unityeditor/2022.3.47f1/Editor/Data/MonoBleedingEdge/lib/mono/unityjit-win32'
Mono config path = 'A:/unityeditor/2022.3.47f1/Editor/Data/MonoBleedingEdge/etc'
Using monoOptions --debugger-agent=transport=dt_socket,embedding=1,server=y,suspend=n,address=127.0.0.1:56808
Begin MonoManager ReloadAssembly
Registering precompiled unity dll's ...
Register platform support module: A:/unityeditor/2022.3.47f1/Editor/Data/PlaybackEngines/AndroidPlayer/UnityEditor.Android.Extensions.dll
Register platform support module: A:/unityeditor/2022.3.47f1/Editor/Data/PlaybackEngines/WindowsStandaloneSupport/UnityEditor.WindowsStandalone.Extensions.dll
Registered in 0.014885 seconds.
- Loaded All Assemblies, in  3.765 seconds
Native extension for WindowsStandalone target not found
Native extension for Android target not found
Android Extension - Scanning For ADB Devices 1355 ms
Mono: successfully reloaded assembly
- Finished resetting the current domain, in  3.082 seconds
Domain Reload Profiling: 6848ms
	BeginReloadAssembly (1962ms)
		ExecutionOrderSort (0ms)
		DisableScriptedObjects (0ms)
		BackupInstance (0ms)
		ReleaseScriptingObjects (0ms)
		CreateAndSetChildDomain (6ms)
	RebuildCommonClasses (683ms)
	RebuildNativeTypeToScriptingClass (347ms)
	initialDomainReloadingComplete (223ms)
	LoadAllAssembliesAndSetupDomain (548ms)
		LoadAssemblies (1919ms)
		RebuildTransferFunctionScriptingTraits (0ms)
		AnalyzeDomain (543ms)
			TypeCache.Refresh (538ms)
				TypeCache.ScanAssembly (495ms)
			ScanForSourceGeneratedMonoScriptInfo (1ms)
			ResolveRequiredComponents (1ms)
	FinalizeReload (3086ms)
		ReleaseScriptCaches (0ms)
		RebuildScriptCaches (0ms)
		SetupLoadedEditorAssemblies (2841ms)
			LogAssemblyErrors (0ms)
			InitializePlatformSupportModulesInManaged (1566ms)
			SetLoadedEditorAssemblies (44ms)
			RefreshPlugins (0ms)
			BeforeProcessingInitializeOnLoad (20ms)
			ProcessInitializeOnLoadAttributes (868ms)
			ProcessInitializeOnLoadMethodAttributes (342ms)
			AfterProcessingInitializeOnLoad (0ms)
			EditorAssembliesLoaded (0ms)
		ExecutionOrderSort2 (0ms)
		AwakeInstancesAfterBackupRestoration (0ms)
========================================================================
Worker process is ready to serve import requests
Caller must complete domain reload
0x00007ff6904ceb5d (Unity) StackWalker::GetCurrentCallstack
0x00007ff6904d3c39 (Unity) StackWalker::ShowCallstack
0x00007ff6914c4851 (Unity) GetStacktrace
0x00007ff691b7fa6e (Unity) DebugStringToFile
0x00007ff691b7f7aa (Unity) AssertImplementation
0x00007ff69136268c (Unity) Internal_ADB_WorkerOnly_DomainReload
0x00007ff691848f84 (Unity) WorkerDomainReloadV2
0x00007ff691869baf (Unity) <lambda_943be6b2c5671afd01d59371cf3ef730>::operator()
0x00007ff6918a5a22 (Unity) asio::detail::completion_handler<core::mutable_function<void __cdecl(void)>,asio::io_context::basic_executor_type<std::allocator<void>,0> >::do_complete
0x00007ff69189196e (Unity) asio::detail::win_iocp_io_context::do_one
0x00007ff69189359e (Unity) asio::detail::win_iocp_io_context::run
0x00007ff6918a3dcc (Unity) IOService::Run
0x00007ff6918771cf (Unity) AssetImportWorkerClient::Run
0x00007ff691842b37 (Unity) RunAssetImportWorkerClientV2
0x00007ff691842bbb (Unity) RunAssetImporterV2
0x00007ff69103ba5e (Unity) Application::InitializeProject
0x00007ff6914cf4e5 (Unity) WinMain
0x00007ff6928814de (Unity) __scrt_common_main_seh
0x00007fff8face8d7 (KERNEL32) BaseThreadInitThunk
0x00007fff9075fbcc (ntdll) RtlUserThreadStart

Begin MonoManager ReloadAssembly
- Loaded All Assemblies, in  5.140 seconds
Native extension for WindowsStandalone target not found
Native extension for Android target not found
Package Manager log level set to [2]
[Package Manager] Server::EnsureServerProcessIsRunning -- launch failed, reason: Unity was launched with the -noUpm command-line argument
[Package Manager] UpmClient::Send -- Unable to send message (not connected to UPM process).
[Package Manager] Cannot connect to Unity Package Manager local server
Mono: successfully reloaded assembly
[Package Manager] Server::EnsureServerProcessIsRunning -- launch failed, reason: Unity was launched with the -noUpm command-line argument
[Package Manager] UpmClient::Send -- Unable to send message (not connected to UPM process).
[Package Manager] Cannot connect to Unity Package Manager local server
[Package Manager] Server::EnsureServerProcessIsRunning -- launch failed, reason: Unity was launched with the -noUpm command-line argument
[Package Manager] UpmClient::Send -- Unable to send message (not connected to UPM process).
[Package Manager] Cannot connect to Unity Package Manager local server
- Finished resetting the current domain, in  5.018 seconds
Domain Reload Profiling: 10139ms
	BeginReloadAssembly (801ms)
		ExecutionOrderSort (0ms)
		DisableScriptedObjects (17ms)
		BackupInstance (0ms)
		ReleaseScriptingObjects (0ms)
		CreateAndSetChildDomain (139ms)
	RebuildCommonClasses (151ms)
	RebuildNativeTypeToScriptingClass (58ms)
	initialDomainReloadingComplete (177ms)
	LoadAllAssembliesAndSetupDomain (3932ms)
		LoadAssemblies (2672ms)
		RebuildTransferFunctionScriptingTraits (0ms)
		AnalyzeDomain (1725ms)
			TypeCache.Refresh (1454ms)
				TypeCache.ScanAssembly (1281ms)
			ScanForSourceGeneratedMonoScriptInfo (163ms)
			ResolveRequiredComponents (78ms)
	FinalizeReload (5021ms)
		ReleaseScriptCaches (0ms)
		RebuildScriptCaches (0ms)
		SetupLoadedEditorAssemblies (3895ms)
			LogAssemblyErrors (0ms)
			InitializePlatformSupportModulesInManaged (130ms)
			SetLoadedEditorAssemblies (48ms)
			RefreshPlugins (0ms)
			BeforeProcessingInitializeOnLoad (551ms)
			ProcessInitializeOnLoadAttributes (2928ms)
			ProcessInitializeOnLoadMethodAttributes (221ms)
			AfterProcessingInitializeOnLoad (17ms)
			EditorAssembliesLoaded (1ms)
		ExecutionOrderSort2 (0ms)
		AwakeInstancesAfterBackupRestoration (44ms)
Launched and connected shader compiler UnityShaderCompiler.exe after 0.25 seconds
Refreshing native plugins compatible for Editor in 54.94 ms, found 4 plugins.
Preloading 0 native plugins for Editor in 0.00 ms.
Unloading 4293 Unused Serialized files (Serialized files now loaded: 0)
Unloading 34 unused Assets / (57.1 KB). Loaded Objects now: 4768.
Memory consumption went from 145.9 MB to 145.9 MB.
Total: 22.750400 ms (FindLiveObjects: 0.992000 ms CreateObjectMapping: 1.051900 ms MarkObjects: 20.527100 ms  DeleteObjects: 0.177400 ms)

AssetImportParameters requested are different than current active one (requested -> active):
  custom:container-demuxer-ogg: 62fdf1f143b41e24485cea50d1cbac27 -> 
  custom:video-decoder-ogg-theora: a1e56fd34408186e4bbccfd4996cb3dc -> 
  custom:framework-win-MediaFoundation: 216162199b28c13a410421893ffa2e32 -> 
  custom:CustomObjectIndexerAttribute: 9a22284fe3817be447336de3de66b15e -> 
  custom:container-demuxer-webm: 4f35f7cbe854078d1ac9338744f61a02 -> 
  custom:container-muxer-webm: aa71ff27fc2769a1b78a27578f13a17b -> 
  custom:video-decoder-webm-vp8: 9c59270c3fd7afecdb556c50c9e8de78 -> 
  custom:SearchIndexIgnoredProperties: e643bd26f0fe6173181afceb89e7c659 -> 
  custom:AudioImporter_EditorPlatform: d09bf68614088b80899f8185d706f6e7 -> 
  custom:video-encoder-webm-vp8: eb34c28f22e8b96e1ab97ce403110664 -> 
  custom:audio-decoder-ogg-vorbis: bf7c407c2cedff20999df2af8eb42d56 -> 
  custom:audio-encoder-webm-vorbis: bf7c407c2cedff20999df2af8eb42d56 -> 
========================================================================
Received Prepare
Caller must complete domain reload
0x00007ff6904ceb5d (Unity) StackWalker::GetCurrentCallstack
0x00007ff6904d3c39 (Unity) StackWalker::ShowCallstack
0x00007ff6914c4851 (Unity) GetStacktrace
0x00007ff691b7fa6e (Unity) DebugStringToFile
0x00007ff691b7f7aa (Unity) AssertImplementation
0x00007ff69136268c (Unity) Internal_ADB_WorkerOnly_DomainReload
0x00007ff691848f84 (Unity) WorkerDomainReloadV2
0x00007ff69186a195 (Unity) <lambda_b37b41f03089e3cb3f55061bbc93253d>::operator()
0x00007ff6918a5a22 (Unity) asio::detail::completion_handler<core::mutable_function<void __cdecl(void)>,asio::io_context::basic_executor_type<std::allocator<void>,0> >::do_complete
0x00007ff69189196e (Unity) asio::detail::win_iocp_io_context::do_one
0x00007ff6918935d4 (Unity) asio::detail::win_iocp_io_context::run
0x00007ff6918a3dcc (Unity) IOService::Run
0x00007ff6918771cf (Unity) AssetImportWorkerClient::Run
0x00007ff691842b37 (Unity) RunAssetImportWorkerClientV2
0x00007ff691842bbb (Unity) RunAssetImporterV2
0x00007ff69103ba5e (Unity) Application::InitializeProject
0x00007ff6914cf4e5 (Unity) WinMain
0x00007ff6928814de (Unity) __scrt_common_main_seh
0x00007fff8face8d7 (KERNEL32) BaseThreadInitThunk
0x00007fff9075fbcc (ntdll) RtlUserThreadStart

Begin MonoManager ReloadAssembly
- Loaded All Assemblies, in 92.436 seconds
Native extension for WindowsStandalone target not found
Native extension for Android target not found
[Package Manager] Server::EnsureServerProcessIsRunning -- launch failed, reason: Unity was launched with the -noUpm command-line argument
[Package Manager] UpmClient::Send -- Unable to send message (not connected to UPM process).
[Package Manager] Cannot connect to Unity Package Manager local server
Mono: successfully reloaded assembly
[Package Manager] Server::EnsureServerProcessIsRunning -- launch failed, reason: Unity was launched with the -noUpm command-line argument
[Package Manager] UpmClient::Send -- Unable to send message (not connected to UPM process).
[Package Manager] Cannot connect to Unity Package Manager local server
- Finished resetting the current domain, in  3.411 seconds
Domain Reload Profiling: 95842ms
	BeginReloadAssembly (68392ms)
		ExecutionOrderSort (0ms)
		DisableScriptedObjects (62120ms)
		BackupInstance (0ms)
		ReleaseScriptingObjects (21ms)
		CreateAndSetChildDomain (1673ms)
	RebuildCommonClasses (1099ms)
	RebuildNativeTypeToScriptingClass (126ms)
	initialDomainReloadingComplete (378ms)
	LoadAllAssembliesAndSetupDomain (22434ms)
		LoadAssemblies (26163ms)
		RebuildTransferFunctionScriptingTraits (0ms)
		AnalyzeDomain (93ms)
			TypeCache.Refresh (47ms)
				TypeCache.ScanAssembly (1ms)
			ScanForSourceGeneratedMonoScriptInfo (29ms)
			ResolveRequiredComponents (16ms)
	FinalizeReload (3413ms)
		ReleaseScriptCaches (0ms)
		RebuildScriptCaches (0ms)
		SetupLoadedEditorAssemblies (2885ms)
			LogAssemblyErrors (0ms)
			InitializePlatformSupportModulesInManaged (33ms)
			SetLoadedEditorAssemblies (9ms)
			RefreshPlugins (0ms)
			BeforeProcessingInitializeOnLoad (129ms)
			ProcessInitializeOnLoadAttributes (2600ms)
			ProcessInitializeOnLoadMethodAttributes (108ms)
			AfterProcessingInitializeOnLoad (5ms)
			EditorAssembliesLoaded (2ms)
		ExecutionOrderSort2 (0ms)
		AwakeInstancesAfterBackupRestoration (39ms)
Refreshing native plugins compatible for Editor in 35.37 ms, found 4 plugins.
Preloading 0 native plugins for Editor in 0.00 ms.
Unloading 4282 Unused Serialized files (Serialized files now loaded: 0)
Unloading 21 unused Assets / (31.1 KB). Loaded Objects now: 4773.
Memory consumption went from 143.7 MB to 143.7 MB.
Total: 10.876800 ms (FindLiveObjects: 0.503300 ms CreateObjectMapping: 0.482000 ms MarkObjects: 9.440800 ms  DeleteObjects: 0.446700 ms)

Prepare: number of updated asset objects reloaded= 0
AssetImportParameters requested are different than current active one (requested -> active):
  custom:container-demuxer-ogg: 62fdf1f143b41e24485cea50d1cbac27 -> 
  custom:video-decoder-ogg-theora: a1e56fd34408186e4bbccfd4996cb3dc -> 
  custom:framework-win-MediaFoundation: 216162199b28c13a410421893ffa2e32 -> 
  custom:CustomObjectIndexerAttribute: 9a22284fe3817be447336de3de66b15e -> 
  custom:container-demuxer-webm: 4f35f7cbe854078d1ac9338744f61a02 -> 
  custom:container-muxer-webm: aa71ff27fc2769a1b78a27578f13a17b -> 
  custom:video-decoder-webm-vp8: 9c59270c3fd7afecdb556c50c9e8de78 -> 
  custom:SearchIndexIgnoredProperties: e643bd26f0fe6173181afceb89e7c659 -> 
  custom:AudioImporter_EditorPlatform: d09bf68614088b80899f8185d706f6e7 -> 
  custom:video-encoder-webm-vp8: eb34c28f22e8b96e1ab97ce403110664 -> 
  custom:audio-decoder-ogg-vorbis: bf7c407c2cedff20999df2af8eb42d56 -> 
  custom:audio-encoder-webm-vorbis: bf7c407c2cedff20999df2af8eb42d56 -> 
========================================================================
Received Prepare
Refreshing native plugins compatible for Editor in 29.64 ms, found 4 plugins.
Preloading 0 native plugins for Editor in 0.00 ms.
Unloading 1 Unused Serialized files (Serialized files now loaded: 0)
Unloading 1 unused Assets / (3.1 KB). Loaded Objects now: 4773.
Memory consumption went from 77.5 MB to 77.5 MB.
Total: 12.795100 ms (FindLiveObjects: 0.666000 ms CreateObjectMapping: 0.637200 ms MarkObjects: 11.450700 ms  DeleteObjects: 0.039500 ms)

Prepare: number of updated asset objects reloaded= 0
AssetImportParameters requested are different than current active one (requested -> active):
  custom:container-demuxer-ogg: 62fdf1f143b41e24485cea50d1cbac27 -> 
  custom:video-decoder-ogg-theora: a1e56fd34408186e4bbccfd4996cb3dc -> 
  custom:framework-win-MediaFoundation: 216162199b28c13a410421893ffa2e32 -> 
  custom:CustomObjectIndexerAttribute: 9a22284fe3817be447336de3de66b15e -> 
  custom:container-demuxer-webm: 4f35f7cbe854078d1ac9338744f61a02 -> 
  custom:container-muxer-webm: aa71ff27fc2769a1b78a27578f13a17b -> 
  custom:video-decoder-webm-vp8: 9c59270c3fd7afecdb556c50c9e8de78 -> 
  custom:SearchIndexIgnoredProperties: e643bd26f0fe6173181afceb89e7c659 -> 
  custom:AudioImporter_EditorPlatform: d09bf68614088b80899f8185d706f6e7 -> 
  custom:video-encoder-webm-vp8: eb34c28f22e8b96e1ab97ce403110664 -> 
  custom:audio-decoder-ogg-vorbis: bf7c407c2cedff20999df2af8eb42d56 -> 
  custom:audio-encoder-webm-vorbis: bf7c407c2cedff20999df2af8eb42d56 -> 
========================================================================
Received Import Request.
  Time since last request: 149911.433445 seconds.
  path: Assets/assets/Circle (2).prefab
  artifactKey: Guid(119bf7d413a98944986224b51161b131) Importer(815301076,1909f56bfc062723c751e8b465ee728b)
Start importing Assets/assets/Circle (2).prefab using Guid(119bf7d413a98944986224b51161b131) Importer(815301076,1909f56bfc062723c751e8b465ee728b) [PhysX] Initialized MultithreadedTaskDispatcher with 8 workers.
 -> (artifact id: 'e8676c859f368d2a6612d3b63ebf22bc') in 1.202502 seconds
Number of updated asset objects reloaded before import = 0
Number of asset objects unloaded after import = 0
========================================================================
Received Import Request.
  Time since last request: 0.002795 seconds.
  path: Assets/assets/Circle 5.prefab
  artifactKey: Guid(038871af8fbe0d8429e1d229628ca794) Importer(815301076,1909f56bfc062723c751e8b465ee728b)
Start importing Assets/assets/Circle 5.prefab using Guid(038871af8fbe0d8429e1d229628ca794) Importer(815301076,1909f56bfc062723c751e8b465ee728b) [PhysX] Initialized MultithreadedTaskDispatcher with 8 workers.
 -> (artifact id: 'b3649b3d2271c6e9a2b94e22a5fdf39e') in 0.014829 seconds
Number of updated asset objects reloaded before import = 0
Number of asset objects unloaded after import = 0
========================================================================
Received Import Request.
  Time since last request: 16.008450 seconds.
  path: Assets/assets/Circle (2).prefab
  artifactKey: Guid(119bf7d413a98944986224b51161b131) Importer(815301076,1909f56bfc062723c751e8b465ee728b)
Start importing Assets/assets/Circle (2).prefab using Guid(119bf7d413a98944986224b51161b131) Importer(815301076,1909f56bfc062723c751e8b465ee728b) [PhysX] Initialized MultithreadedTaskDispatcher with 8 workers.
 -> (artifact id: 'e8676c859f368d2a6612d3b63ebf22bc') in 0.009887 seconds
Number of updated asset objects reloaded before import = 0
Number of asset objects unloaded after import = 0
========================================================================
Received Import Request.
  Time since last request: 27.981875 seconds.
  path: Assets/assets/Circle (2).prefab
  artifactKey: Guid(119bf7d413a98944986224b51161b131) Importer(815301076,1909f56bfc062723c751e8b465ee728b)
Start importing Assets/assets/Circle (2).prefab using Guid(119bf7d413a98944986224b51161b131) Importer(815301076,1909f56bfc062723c751e8b465ee728b) [PhysX] Initialized MultithreadedTaskDispatcher with 8 workers.
 -> (artifact id: 'e8676c859f368d2a6612d3b63ebf22bc') in 0.003969 seconds
Number of updated asset objects reloaded before import = 0
Number of asset objects unloaded after import = 0
========================================================================
Received Import Request.
  Time since last request: 0.000707 seconds.
  path: Assets/assets/Circle 5.prefab
  artifactKey: Guid(038871af8fbe0d8429e1d229628ca794) Importer(815301076,1909f56bfc062723c751e8b465ee728b)
Start importing Assets/assets/Circle 5.prefab using Guid(038871af8fbe0d8429e1d229628ca794) Importer(815301076,1909f56bfc062723c751e8b465ee728b) [PhysX] Initialized MultithreadedTaskDispatcher with 8 workers.
 -> (artifact id: 'b3649b3d2271c6e9a2b94e22a5fdf39e') in 0.002622 seconds
Number of updated asset objects reloaded before import = 0
Number of asset objects unloaded after import = 0
========================================================================
Received Prepare
Caller must complete domain reload
0x00007ff6904ceb5d (Unity) StackWalker::GetCurrentCallstack
0x00007ff6904d3c39 (Unity) StackWalker::ShowCallstack
0x00007ff6914c4851 (Unity) GetStacktrace
0x00007ff691b7fa6e (Unity) DebugStringToFile
0x00007ff691b7f7aa (Unity) AssertImplementation
0x00007ff69136268c (Unity) Internal_ADB_WorkerOnly_DomainReload
0x00007ff691848f84 (Unity) WorkerDomainReloadV2
0x00007ff69186a195 (Unity) <lambda_b37b41f03089e3cb3f55061bbc93253d>::operator()
0x00007ff6918a5a22 (Unity) asio::detail::completion_handler<core::mutable_function<void __cdecl(void)>,asio::io_context::basic_executor_type<std::allocator<void>,0> >::do_complete
0x00007ff69189196e (Unity) asio::detail::win_iocp_io_context::do_one
0x00007ff6918935d4 (Unity) asio::detail::win_iocp_io_context::run
0x00007ff6918a3dcc (Unity) IOService::Run
0x00007ff6918771cf (Unity) AssetImportWorkerClient::Run
0x00007ff691842b37 (Unity) RunAssetImportWorkerClientV2
0x00007ff691842bbb (Unity) RunAssetImporterV2
0x00007ff69103ba5e (Unity) Application::InitializeProject
0x00007ff6914cf4e5 (Unity) WinMain
0x00007ff6928814de (Unity) __scrt_common_main_seh
0x00007fff8face8d7 (KERNEL32) BaseThreadInitThunk
0x00007fff9075fbcc (ntdll) RtlUserThreadStart

Begin MonoManager ReloadAssembly
- Loaded All Assemblies, in  9.935 seconds
Native extension for WindowsStandalone target not found
Native extension for Android target not found
[Package Manager] Server::EnsureServerProcessIsRunning -- launch failed, reason: Unity was launched with the -noUpm command-line argument
[Package Manager] UpmClient::Send -- Unable to send message (not connected to UPM process).
[Package Manager] Cannot connect to Unity Package Manager local server
Mono: successfully reloaded assembly
[Package Manager] Server::EnsureServerProcessIsRunning -- launch failed, reason: Unity was launched with the -noUpm command-line argument
[Package Manager] UpmClient::Send -- Unable to send message (not connected to UPM process).
[Package Manager] Cannot connect to Unity Package Manager local server
- Finished resetting the current domain, in 14.632 seconds
Domain Reload Profiling: 24554ms
	BeginReloadAssembly (3898ms)
		ExecutionOrderSort (10ms)
		DisableScriptedObjects (549ms)
		BackupInstance (0ms)
		ReleaseScriptingObjects (3ms)
		CreateAndSetChildDomain (1104ms)
	RebuildCommonClasses (307ms)
	RebuildNativeTypeToScriptingClass (162ms)
	initialDomainReloadingComplete (392ms)
	LoadAllAssembliesAndSetupDomain (5160ms)
		LoadAssemblies (5932ms)
		RebuildTransferFunctionScriptingTraits (0ms)
		AnalyzeDomain (316ms)
			TypeCache.Refresh (148ms)
				TypeCache.ScanAssembly (2ms)
			ScanForSourceGeneratedMonoScriptInfo (119ms)
			ResolveRequiredComponents (38ms)
	FinalizeReload (14634ms)
		ReleaseScriptCaches (0ms)
		RebuildScriptCaches (0ms)
		SetupLoadedEditorAssemblies (5291ms)
			LogAssemblyErrors (0ms)
			InitializePlatformSupportModulesInManaged (184ms)
			SetLoadedEditorAssemblies (49ms)
			RefreshPlugins (0ms)
			BeforeProcessingInitializeOnLoad (887ms)
			ProcessInitializeOnLoadAttributes (4066ms)
			ProcessInitializeOnLoadMethodAttributes (100ms)
			AfterProcessingInitializeOnLoad (5ms)
			EditorAssembliesLoaded (1ms)
		ExecutionOrderSort2 (0ms)
		AwakeInstancesAfterBackupRestoration (31ms)
Refreshing native plugins compatible for Editor in 24.25 ms, found 4 plugins.
Preloading 0 native plugins for Editor in 0.00 ms.
Unloading 4281 Unused Serialized files (Serialized files now loaded: 0)
Unloading 21 unused Assets / (31.1 KB). Loaded Objects now: 4777.
Memory consumption went from 143.5 MB to 143.5 MB.
Total: 7.644200 ms (FindLiveObjects: 0.483800 ms CreateObjectMapping: 0.470800 ms MarkObjects: 6.601100 ms  DeleteObjects: 0.087100 ms)

Prepare: number of updated asset objects reloaded= 0
AssetImportParameters requested are different than current active one (requested -> active):
  custom:container-demuxer-ogg: 62fdf1f143b41e24485cea50d1cbac27 -> 
  custom:video-decoder-ogg-theora: a1e56fd34408186e4bbccfd4996cb3dc -> 
  custom:framework-win-MediaFoundation: 216162199b28c13a410421893ffa2e32 -> 
  custom:CustomObjectIndexerAttribute: 9a22284fe3817be447336de3de66b15e -> 
  custom:container-demuxer-webm: 4f35f7cbe854078d1ac9338744f61a02 -> 
  custom:container-muxer-webm: aa71ff27fc2769a1b78a27578f13a17b -> 
  custom:video-decoder-webm-vp8: 9c59270c3fd7afecdb556c50c9e8de78 -> 
  custom:SearchIndexIgnoredProperties: e643bd26f0fe6173181afceb89e7c659 -> 
  custom:AudioImporter_EditorPlatform: d09bf68614088b80899f8185d706f6e7 -> 
  custom:video-encoder-webm-vp8: eb34c28f22e8b96e1ab97ce403110664 -> 
  custom:audio-decoder-ogg-vorbis: bf7c407c2cedff20999df2af8eb42d56 -> 
  custom:audio-encoder-webm-vorbis: bf7c407c2cedff20999df2af8eb42d56 -> 
========================================================================
Received Import Request.
  Time since last request: 45.728777 seconds.
  path: Assets/assets/Circle (4).prefab
  artifactKey: Guid(23ac8a0076b48ff40aa34d8274379582) Importer(815301076,1909f56bfc062723c751e8b465ee728b)
Start importing Assets/assets/Circle (4).prefab using Guid(23ac8a0076b48ff40aa34d8274379582) Importer(815301076,1909f56bfc062723c751e8b465ee728b) [PhysX] Initialized MultithreadedTaskDispatcher with 8 workers.
 -> (artifact id: '4f597ed2ddaba10cc313aa7d0c83f846') in 0.002554 seconds
Number of updated asset objects reloaded before import = 0
Number of asset objects unloaded after import = 0
========================================================================
Received Import Request.
  Time since last request: 0.000038 seconds.
  path: Assets/assets/Circle (1).prefab
  artifactKey: Guid(a5532c3e554cae546bd2080270a4b482) Importer(815301076,1909f56bfc062723c751e8b465ee728b)
Start importing Assets/assets/Circle (1).prefab using Guid(a5532c3e554cae546bd2080270a4b482) Importer(815301076,1909f56bfc062723c751e8b465ee728b) [PhysX] Initialized MultithreadedTaskDispatcher with 8 workers.
 -> (artifact id: '22c0213ad473c3deacd5b1a9ea1957b5') in 0.000958 seconds
Number of updated asset objects reloaded before import = 0
Number of asset objects unloaded after import = 0
========================================================================
Received Prepare
Refreshing native plugins compatible for Editor in 16.60 ms, found 4 plugins.
Preloading 0 native plugins for Editor in 0.00 ms.
Unloading 0 Unused Serialized files (Serialized files now loaded: 0)
Unloading 1 unused Assets / (0.9 KB). Loaded Objects now: 4777.
Memory consumption went from 76.9 MB to 76.9 MB.
Total: 6.485200 ms (FindLiveObjects: 0.623400 ms CreateObjectMapping: 0.611900 ms MarkObjects: 5.210100 ms  DeleteObjects: 0.038000 ms)

Prepare: number of updated asset objects reloaded= 0
AssetImportParameters requested are different than current active one (requested -> active):
  custom:container-demuxer-ogg: 62fdf1f143b41e24485cea50d1cbac27 -> 
  custom:video-decoder-ogg-theora: a1e56fd34408186e4bbccfd4996cb3dc -> 
  custom:framework-win-MediaFoundation: 216162199b28c13a410421893ffa2e32 -> 
  custom:CustomObjectIndexerAttribute: 9a22284fe3817be447336de3de66b15e -> 
  custom:container-demuxer-webm: 4f35f7cbe854078d1ac9338744f61a02 -> 
  custom:container-muxer-webm: aa71ff27fc2769a1b78a27578f13a17b -> 
  custom:video-decoder-webm-vp8: 9c59270c3fd7afecdb556c50c9e8de78 -> 
  custom:SearchIndexIgnoredProperties: e643bd26f0fe6173181afceb89e7c659 -> 
  custom:AudioImporter_EditorPlatform: d09bf68614088b80899f8185d706f6e7 -> 
  custom:video-encoder-webm-vp8: eb34c28f22e8b96e1ab97ce403110664 -> 
  custom:audio-decoder-ogg-vorbis: bf7c407c2cedff20999df2af8eb42d56 -> 
  custom:audio-encoder-webm-vorbis: bf7c407c2cedff20999df2af8eb42d56 -> 
========================================================================
Received Import Request.
  Time since last request: 29.912901 seconds.
  path: Assets/assets/Circle (2).prefab
  artifactKey: Guid(119bf7d413a98944986224b51161b131) Importer(815301076,1909f56bfc062723c751e8b465ee728b)
Start importing Assets/assets/Circle (2).prefab using Guid(119bf7d413a98944986224b51161b131) Importer(815301076,1909f56bfc062723c751e8b465ee728b) [PhysX] Initialized MultithreadedTaskDispatcher with 8 workers.
 -> (artifact id: 'e8676c859f368d2a6612d3b63ebf22bc') in 0.001337 seconds
Number of updated asset objects reloaded before import = 0
Number of asset objects unloaded after import = 0
========================================================================
Received Import Request.
  Time since last request: 0.000025 seconds.
  path: Assets/assets/Circle (4).prefab
  artifactKey: Guid(23ac8a0076b48ff40aa34d8274379582) Importer(815301076,1909f56bfc062723c751e8b465ee728b)
Start importing Assets/assets/Circle (4).prefab using Guid(23ac8a0076b48ff40aa34d8274379582) Importer(815301076,1909f56bfc062723c751e8b465ee728b) [PhysX] Initialized MultithreadedTaskDispatcher with 8 workers.
 -> (artifact id: '4f597ed2ddaba10cc313aa7d0c83f846') in 0.001160 seconds
Number of updated asset objects reloaded before import = 0
Number of asset objects unloaded after import = 0
========================================================================
Received Import Request.
  Time since last request: 0.000030 seconds.
  path: Assets/assets/Circle (3).prefab
  artifactKey: Guid(4e6e37bcf3303944cb197a73bf2782ba) Importer(815301076,1909f56bfc062723c751e8b465ee728b)
Start importing Assets/assets/Circle (3).prefab using Guid(4e6e37bcf3303944cb197a73bf2782ba) Importer(815301076,1909f56bfc062723c751e8b465ee728b) [PhysX] Initialized MultithreadedTaskDispatcher with 8 workers.
 -> (artifact id: '723ae6743cd79b91839a4a01441f5d34') in 0.000832 seconds
Number of updated asset objects reloaded before import = 0
Number of asset objects unloaded after import = 0
========================================================================
Received Import Request.
  Time since last request: 453.062421 seconds.
  path: Assets/assets/Circle (2).prefab
  artifactKey: Guid(119bf7d413a98944986224b51161b131) Importer(815301076,1909f56bfc062723c751e8b465ee728b)
Start importing Assets/assets/Circle (2).prefab using Guid(119bf7d413a98944986224b51161b131) Importer(815301076,1909f56bfc062723c751e8b465ee728b) [PhysX] Initialized MultithreadedTaskDispatcher with 8 workers.
 -> (artifact id: 'e8676c859f368d2a6612d3b63ebf22bc') in 0.058578 seconds
Number of updated asset objects reloaded before import = 0
Number of asset objects unloaded after import = 0
========================================================================
Received Import Request.
  Time since last request: 0.002579 seconds.
  path: Assets/assets/Circle (4).prefab
  artifactKey: Guid(23ac8a0076b48ff40aa34d8274379582) Importer(815301076,1909f56bfc062723c751e8b465ee728b)
Start importing Assets/assets/Circle (4).prefab using Guid(23ac8a0076b48ff40aa34d8274379582) Importer(815301076,1909f56bfc062723c751e8b465ee728b) [PhysX] Initialized MultithreadedTaskDispatcher with 8 workers.
 -> (artifact id: '4f597ed2ddaba10cc313aa7d0c83f846') in 0.008531 seconds
Number of updated asset objects reloaded before import = 0
Number of asset objects unloaded after import = 0
========================================================================
Received Import Request.
  Time since last request: 0.000090 seconds.
  path: Assets/assets/Circle (3).prefab
  artifactKey: Guid(4e6e37bcf3303944cb197a73bf2782ba) Importer(815301076,1909f56bfc062723c751e8b465ee728b)
Start importing Assets/assets/Circle (3).prefab using Guid(4e6e37bcf3303944cb197a73bf2782ba) Importer(815301076,1909f56bfc062723c751e8b465ee728b) [PhysX] Initialized MultithreadedTaskDispatcher with 8 workers.
 -> (artifact id: '723ae6743cd79b91839a4a01441f5d34') in 0.005157 seconds
Number of updated asset objects reloaded before import = 0
Number of asset objects unloaded after import = 0
========================================================================
Received Prepare
Caller must complete domain reload
0x00007ff6904ceb5d (Unity) StackWalker::GetCurrentCallstack
0x00007ff6904d3c39 (Unity) StackWalker::ShowCallstack
0x00007ff6914c4851 (Unity) GetStacktrace
0x00007ff691b7fa6e (Unity) DebugStringToFile
0x00007ff691b7f7aa (Unity) AssertImplementation
0x00007ff69136268c (Unity) Internal_ADB_WorkerOnly_DomainReload
0x00007ff691848f84 (Unity) WorkerDomainReloadV2
0x00007ff69186a195 (Unity) <lambda_b37b41f03089e3cb3f55061bbc93253d>::operator()
0x00007ff6918a5a22 (Unity) asio::detail::completion_handler<core::mutable_function<void __cdecl(void)>,asio::io_context::basic_executor_type<std::allocator<void>,0> >::do_complete
0x00007ff69189196e (Unity) asio::detail::win_iocp_io_context::do_one
0x00007ff6918935d4 (Unity) asio::detail::win_iocp_io_context::run
0x00007ff6918a3dcc (Unity) IOService::Run
0x00007ff6918771cf (Unity) AssetImportWorkerClient::Run
0x00007ff691842b37 (Unity) RunAssetImportWorkerClientV2
0x00007ff691842bbb (Unity) RunAssetImporterV2
0x00007ff69103ba5e (Unity) Application::InitializeProject
0x00007ff6914cf4e5 (Unity) WinMain
0x00007ff6928814de (Unity) __scrt_common_main_seh
0x00007fff8face8d7 (KERNEL32) BaseThreadInitThunk
0x00007fff9075fbcc (ntdll) RtlUserThreadStart

Begin MonoManager ReloadAssembly
- Loaded All Assemblies, in  8.549 seconds
Native extension for WindowsStandalone target not found
Native extension for Android target not found
[Package Manager] Server::EnsureServerProcessIsRunning -- launch failed, reason: Unity was launched with the -noUpm command-line argument
[Package Manager] UpmClient::Send -- Unable to send message (not connected to UPM process).
[Package Manager] Cannot connect to Unity Package Manager local server
Mono: successfully reloaded assembly
[Package Manager] Server::EnsureServerProcessIsRunning -- launch failed, reason: Unity was launched with the -noUpm command-line argument
[Package Manager] UpmClient::Send -- Unable to send message (not connected to UPM process).
[Package Manager] Cannot connect to Unity Package Manager local server
- Finished resetting the current domain, in 10.062 seconds
Domain Reload Profiling: 18560ms
	BeginReloadAssembly (5405ms)
		ExecutionOrderSort (0ms)
		DisableScriptedObjects (1663ms)
		BackupInstance (0ms)
		ReleaseScriptingObjects (2ms)
		CreateAndSetChildDomain (1392ms)
	RebuildCommonClasses (362ms)
	RebuildNativeTypeToScriptingClass (155ms)
	initialDomainReloadingComplete (453ms)
	LoadAllAssembliesAndSetupDomain (2123ms)
		LoadAssemblies (3424ms)
		RebuildTransferFunctionScriptingTraits (0ms)
		AnalyzeDomain (99ms)
			TypeCache.Refresh (38ms)
				TypeCache.ScanAssembly (1ms)
			ScanForSourceGeneratedMonoScriptInfo (35ms)
			ResolveRequiredComponents (23ms)
	FinalizeReload (10063ms)
		ReleaseScriptCaches (0ms)
		RebuildScriptCaches (0ms)
		SetupLoadedEditorAssemblies (1643ms)
			LogAssemblyErrors (0ms)
			InitializePlatformSupportModulesInManaged (45ms)
			SetLoadedEditorAssemblies (6ms)
			RefreshPlugins (0ms)
			BeforeProcessingInitializeOnLoad (213ms)
			ProcessInitializeOnLoadAttributes (1309ms)
			ProcessInitializeOnLoadMethodAttributes (66ms)
			AfterProcessingInitializeOnLoad (3ms)
			EditorAssembliesLoaded (1ms)
		ExecutionOrderSort2 (0ms)
		AwakeInstancesAfterBackupRestoration (21ms)
Refreshing native plugins compatible for Editor in 43.37 ms, found 4 plugins.
Preloading 0 native plugins for Editor in 0.00 ms.
Unloading 4281 Unused Serialized files (Serialized files now loaded: 0)
Unloading 21 unused Assets / (31.1 KB). Loaded Objects now: 4781.
Memory consumption went from 143.5 MB to 143.5 MB.
Total: 13.305500 ms (FindLiveObjects: 0.536300 ms CreateObjectMapping: 0.494200 ms MarkObjects: 12.152000 ms  DeleteObjects: 0.121200 ms)

Prepare: number of updated asset objects reloaded= 0
AssetImportParameters requested are different than current active one (requested -> active):
  custom:container-demuxer-ogg: 62fdf1f143b41e24485cea50d1cbac27 -> 
  custom:video-decoder-ogg-theora: a1e56fd34408186e4bbccfd4996cb3dc -> 
  custom:framework-win-MediaFoundation: 216162199b28c13a410421893ffa2e32 -> 
  custom:CustomObjectIndexerAttribute: 9a22284fe3817be447336de3de66b15e -> 
  custom:container-demuxer-webm: 4f35f7cbe854078d1ac9338744f61a02 -> 
  custom:container-muxer-webm: aa71ff27fc2769a1b78a27578f13a17b -> 
  custom:video-decoder-webm-vp8: 9c59270c3fd7afecdb556c50c9e8de78 -> 
  custom:SearchIndexIgnoredProperties: e643bd26f0fe6173181afceb89e7c659 -> 
  custom:AudioImporter_EditorPlatform: d09bf68614088b80899f8185d706f6e7 -> 
  custom:video-encoder-webm-vp8: eb34c28f22e8b96e1ab97ce403110664 -> 
  custom:audio-decoder-ogg-vorbis: bf7c407c2cedff20999df2af8eb42d56 -> 
  custom:audio-encoder-webm-vorbis: bf7c407c2cedff20999df2af8eb42d56 -> 
========================================================================
Received Prepare
Refreshing native plugins compatible for Editor in 48.86 ms, found 4 plugins.
Preloading 0 native plugins for Editor in 0.00 ms.
Unloading 1 Unused Serialized files (Serialized files now loaded: 0)
Unloading 1 unused Assets / (3.1 KB). Loaded Objects now: 4781.
Memory consumption went from 77.5 MB to 77.5 MB.
Total: 29.444500 ms (FindLiveObjects: 0.718100 ms CreateObjectMapping: 0.678100 ms MarkObjects: 26.879400 ms  DeleteObjects: 1.163900 ms)

Prepare: number of updated asset objects reloaded= 0
AssetImportParameters requested are different than current active one (requested -> active):
  custom:container-demuxer-ogg: 62fdf1f143b41e24485cea50d1cbac27 -> 
  custom:video-decoder-ogg-theora: a1e56fd34408186e4bbccfd4996cb3dc -> 
  custom:framework-win-MediaFoundation: 216162199b28c13a410421893ffa2e32 -> 
  custom:CustomObjectIndexerAttribute: 9a22284fe3817be447336de3de66b15e -> 
  custom:container-demuxer-webm: 4f35f7cbe854078d1ac9338744f61a02 -> 
  custom:container-muxer-webm: aa71ff27fc2769a1b78a27578f13a17b -> 
  custom:video-decoder-webm-vp8: 9c59270c3fd7afecdb556c50c9e8de78 -> 
  custom:SearchIndexIgnoredProperties: e643bd26f0fe6173181afceb89e7c659 -> 
  custom:AudioImporter_EditorPlatform: d09bf68614088b80899f8185d706f6e7 -> 
  custom:video-encoder-webm-vp8: eb34c28f22e8b96e1ab97ce403110664 -> 
  custom:audio-decoder-ogg-vorbis: bf7c407c2cedff20999df2af8eb42d56 -> 
  custom:audio-encoder-webm-vorbis: bf7c407c2cedff20999df2af8eb42d56 -> 
========================================================================
Received Import Request.
  Time since last request: 184.466650 seconds.
  path: Assets/assets/Circle (2).prefab
  artifactKey: Guid(119bf7d413a98944986224b51161b131) Importer(815301076,1909f56bfc062723c751e8b465ee728b)
Start importing Assets/assets/Circle (2).prefab using Guid(119bf7d413a98944986224b51161b131) Importer(815301076,1909f56bfc062723c751e8b465ee728b) [PhysX] Initialized MultithreadedTaskDispatcher with 8 workers.
 -> (artifact id: 'e8676c859f368d2a6612d3b63ebf22bc') in 0.239995 seconds
Number of updated asset objects reloaded before import = 0
Number of asset objects unloaded after import = 0
========================================================================
Received Import Request.
  Time since last request: 0.001173 seconds.
  path: Assets/assets/Circle (4).prefab
  artifactKey: Guid(23ac8a0076b48ff40aa34d8274379582) Importer(815301076,1909f56bfc062723c751e8b465ee728b)
Start importing Assets/assets/Circle (4).prefab using Guid(23ac8a0076b48ff40aa34d8274379582) Importer(815301076,1909f56bfc062723c751e8b465ee728b) [PhysX] Initialized MultithreadedTaskDispatcher with 8 workers.
 -> (artifact id: '4f597ed2ddaba10cc313aa7d0c83f846') in 0.005780 seconds
Number of updated asset objects reloaded before import = 0
Number of asset objects unloaded after import = 0
========================================================================
Received Import Request.
  Time since last request: 0.000037 seconds.
  path: Assets/assets/Circle (3).prefab
  artifactKey: Guid(4e6e37bcf3303944cb197a73bf2782ba) Importer(815301076,1909f56bfc062723c751e8b465ee728b)
Start importing Assets/assets/Circle (3).prefab using Guid(4e6e37bcf3303944cb197a73bf2782ba) Importer(815301076,1909f56bfc062723c751e8b465ee728b) [PhysX] Initialized MultithreadedTaskDispatcher with 8 workers.
 -> (artifact id: '723ae6743cd79b91839a4a01441f5d34') in 0.004066 seconds
Number of updated asset objects reloaded before import = 0
Number of asset objects unloaded after import = 0
========================================================================
Received Import Request.
  Time since last request: 930.224030 seconds.
  path: Assets/assets/Circle (2).prefab
  artifactKey: Guid(119bf7d413a98944986224b51161b131) Importer(815301076,1909f56bfc062723c751e8b465ee728b)
Start importing Assets/assets/Circle (2).prefab using Guid(119bf7d413a98944986224b51161b131) Importer(815301076,1909f56bfc062723c751e8b465ee728b) [PhysX] Initialized MultithreadedTaskDispatcher with 8 workers.
 -> (artifact id: 'e8676c859f368d2a6612d3b63ebf22bc') in 0.052006 seconds
Number of updated asset objects reloaded before import = 0
Number of asset objects unloaded after import = 0
========================================================================
Received Import Request.
  Time since last request: 0.000670 seconds.
  path: Assets/assets/Circle 5.prefab
  artifactKey: Guid(038871af8fbe0d8429e1d229628ca794) Importer(815301076,1909f56bfc062723c751e8b465ee728b)
Start importing Assets/assets/Circle 5.prefab using Guid(038871af8fbe0d8429e1d229628ca794) Importer(815301076,1909f56bfc062723c751e8b465ee728b) [PhysX] Initialized MultithreadedTaskDispatcher with 8 workers.
 -> (artifact id: 'b3649b3d2271c6e9a2b94e22a5fdf39e') in 0.012715 seconds
Number of updated asset objects reloaded before import = 0
Number of asset objects unloaded after import = 0
========================================================================
Received Prepare
Caller must complete domain reload
0x00007ff6904ceb5d (Unity) StackWalker::GetCurrentCallstack
0x00007ff6904d3c39 (Unity) StackWalker::ShowCallstack
0x00007ff6914c4851 (Unity) GetStacktrace
0x00007ff691b7fa6e (Unity) DebugStringToFile
0x00007ff691b7f7aa (Unity) AssertImplementation
0x00007ff69136268c (Unity) Internal_ADB_WorkerOnly_DomainReload
0x00007ff691848f84 (Unity) WorkerDomainReloadV2
0x00007ff69186a195 (Unity) <lambda_b37b41f03089e3cb3f55061bbc93253d>::operator()
0x00007ff6918a5a22 (Unity) asio::detail::completion_handler<core::mutable_function<void __cdecl(void)>,asio::io_context::basic_executor_type<std::allocator<void>,0> >::do_complete
0x00007ff69189196e (Unity) asio::detail::win_iocp_io_context::do_one
0x00007ff6918935d4 (Unity) asio::detail::win_iocp_io_context::run
0x00007ff6918a3dcc (Unity) IOService::Run
0x00007ff6918771cf (Unity) AssetImportWorkerClient::Run
0x00007ff691842b37 (Unity) RunAssetImportWorkerClientV2
0x00007ff691842bbb (Unity) RunAssetImporterV2
0x00007ff69103ba5e (Unity) Application::InitializeProject
0x00007ff6914cf4e5 (Unity) WinMain
0x00007ff6928814de (Unity) __scrt_common_main_seh
0x00007fff8face8d7 (KERNEL32) BaseThreadInitThunk
0x00007fff9075fbcc (ntdll) RtlUserThreadStart

Begin MonoManager ReloadAssembly
- Loaded All Assemblies, in 11.813 seconds
Native extension for WindowsStandalone target not found
Native extension for Android target not found
[Package Manager] Server::EnsureServerProcessIsRunning -- launch failed, reason: Unity was launched with the -noUpm command-line argument
[Package Manager] UpmClient::Send -- Unable to send message (not connected to UPM process).
[Package Manager] Cannot connect to Unity Package Manager local server
Mono: successfully reloaded assembly
[Package Manager] Server::EnsureServerProcessIsRunning -- launch failed, reason: Unity was launched with the -noUpm command-line argument
[Package Manager] UpmClient::Send -- Unable to send message (not connected to UPM process).
[Package Manager] Cannot connect to Unity Package Manager local server
- Finished resetting the current domain, in 14.426 seconds
Domain Reload Profiling: 26225ms
	BeginReloadAssembly (3656ms)
		ExecutionOrderSort (1ms)
		DisableScriptedObjects (656ms)
		BackupInstance (0ms)
		ReleaseScriptingObjects (3ms)
		CreateAndSetChildDomain (1283ms)
	RebuildCommonClasses (303ms)
	RebuildNativeTypeToScriptingClass (59ms)
	initialDomainReloadingComplete (250ms)
	LoadAllAssembliesAndSetupDomain (7530ms)
		LoadAssemblies (7809ms)
		RebuildTransferFunctionScriptingTraits (0ms)
		AnalyzeDomain (662ms)
			TypeCache.Refresh (153ms)
				TypeCache.ScanAssembly (1ms)
			ScanForSourceGeneratedMonoScriptInfo (207ms)
			ResolveRequiredComponents (286ms)
	FinalizeReload (14427ms)
		ReleaseScriptCaches (0ms)
		RebuildScriptCaches (0ms)
		SetupLoadedEditorAssemblies (4914ms)
			LogAssemblyErrors (0ms)
			InitializePlatformSupportModulesInManaged (160ms)
			SetLoadedEditorAssemblies (26ms)
			RefreshPlugins (0ms)
			BeforeProcessingInitializeOnLoad (616ms)
			ProcessInitializeOnLoadAttributes (3642ms)
			ProcessInitializeOnLoadMethodAttributes (462ms)
			AfterProcessingInitializeOnLoad (7ms)
			EditorAssembliesLoaded (1ms)
		ExecutionOrderSort2 (0ms)
		AwakeInstancesAfterBackupRestoration (116ms)
Refreshing native plugins compatible for Editor in 113.50 ms, found 4 plugins.
Preloading 0 native plugins for Editor in 0.00 ms.
Unloading 4281 Unused Serialized files (Serialized files now loaded: 0)
Unloading 21 unused Assets / (31.1 KB). Loaded Objects now: 4785.
Memory consumption went from 143.5 MB to 143.5 MB.
Total: 26.670200 ms (FindLiveObjects: 0.622400 ms CreateObjectMapping: 0.961600 ms MarkObjects: 24.953100 ms  DeleteObjects: 0.130500 ms)

Prepare: number of updated asset objects reloaded= 0
AssetImportParameters requested are different than current active one (requested -> active):
  custom:container-demuxer-ogg: 62fdf1f143b41e24485cea50d1cbac27 -> 
  custom:video-decoder-ogg-theora: a1e56fd34408186e4bbccfd4996cb3dc -> 
  custom:framework-win-MediaFoundation: 216162199b28c13a410421893ffa2e32 -> 
  custom:CustomObjectIndexerAttribute: 9a22284fe3817be447336de3de66b15e -> 
  custom:container-demuxer-webm: 4f35f7cbe854078d1ac9338744f61a02 -> 
  custom:container-muxer-webm: aa71ff27fc2769a1b78a27578f13a17b -> 
  custom:video-decoder-webm-vp8: 9c59270c3fd7afecdb556c50c9e8de78 -> 
  custom:SearchIndexIgnoredProperties: e643bd26f0fe6173181afceb89e7c659 -> 
  custom:AudioImporter_EditorPlatform: d09bf68614088b80899f8185d706f6e7 -> 
  custom:video-encoder-webm-vp8: eb34c28f22e8b96e1ab97ce403110664 -> 
  custom:audio-decoder-ogg-vorbis: bf7c407c2cedff20999df2af8eb42d56 -> 
  custom:audio-encoder-webm-vorbis: bf7c407c2cedff20999df2af8eb42d56 -> 
========================================================================
Received Import Request.
  Time since last request: 79.720157 seconds.
  path: Assets/assets/Circle 5.prefab
  artifactKey: Guid(038871af8fbe0d8429e1d229628ca794) Importer(815301076,1909f56bfc062723c751e8b465ee728b)
Start importing Assets/assets/Circle 5.prefab using Guid(038871af8fbe0d8429e1d229628ca794) Importer(815301076,1909f56bfc062723c751e8b465ee728b) [PhysX] Initialized MultithreadedTaskDispatcher with 8 workers.
 -> (artifact id: 'b3649b3d2271c6e9a2b94e22a5fdf39e') in 0.072940 seconds
Number of updated asset objects reloaded before import = 0
Number of asset objects unloaded after import = 0
========================================================================
Received Import Request.
  Time since last request: 0.000073 seconds.
  path: Assets/assets/Circle (1).prefab
  artifactKey: Guid(a5532c3e554cae546bd2080270a4b482) Importer(815301076,1909f56bfc062723c751e8b465ee728b)
Start importing Assets/assets/Circle (1).prefab using Guid(a5532c3e554cae546bd2080270a4b482) Importer(815301076,1909f56bfc062723c751e8b465ee728b) [PhysX] Initialized MultithreadedTaskDispatcher with 8 workers.
 -> (artifact id: '22c0213ad473c3deacd5b1a9ea1957b5') in 0.001504 seconds
Number of updated asset objects reloaded before import = 0
Number of asset objects unloaded after import = 0
========================================================================
Received Prepare
Refreshing native plugins compatible for Editor in 429.81 ms, found 4 plugins.
Preloading 0 native plugins for Editor in 0.00 ms.
Unloading 0 Unused Serialized files (Serialized files now loaded: 0)
Unloading 1 unused Assets / (0.9 KB). Loaded Objects now: 4785.
Memory consumption went from 76.9 MB to 76.9 MB.
Total: 428.025900 ms (FindLiveObjects: 6.773500 ms CreateObjectMapping: 0.607600 ms MarkObjects: 417.895500 ms  DeleteObjects: 2.727700 ms)

Prepare: number of updated asset objects reloaded= 0
AssetImportParameters requested are different than current active one (requested -> active):
  custom:container-demuxer-ogg: 62fdf1f143b41e24485cea50d1cbac27 -> 
  custom:video-decoder-ogg-theora: a1e56fd34408186e4bbccfd4996cb3dc -> 
  custom:framework-win-MediaFoundation: 216162199b28c13a410421893ffa2e32 -> 
  custom:CustomObjectIndexerAttribute: 9a22284fe3817be447336de3de66b15e -> 
  custom:container-demuxer-webm: 4f35f7cbe854078d1ac9338744f61a02 -> 
  custom:container-muxer-webm: aa71ff27fc2769a1b78a27578f13a17b -> 
  custom:video-decoder-webm-vp8: 9c59270c3fd7afecdb556c50c9e8de78 -> 
  custom:SearchIndexIgnoredProperties: e643bd26f0fe6173181afceb89e7c659 -> 
  custom:AudioImporter_EditorPlatform: d09bf68614088b80899f8185d706f6e7 -> 
  custom:video-encoder-webm-vp8: eb34c28f22e8b96e1ab97ce403110664 -> 
  custom:audio-decoder-ogg-vorbis: bf7c407c2cedff20999df2af8eb42d56 -> 
  custom:audio-encoder-webm-vorbis: bf7c407c2cedff20999df2af8eb42d56 -> 
========================================================================
Received Import Request.
  Time since last request: 4252.276527 seconds.
  path: Assets/assets/Circle (2).prefab
  artifactKey: Guid(119bf7d413a98944986224b51161b131) Importer(815301076,1909f56bfc062723c751e8b465ee728b)
Start importing Assets/assets/Circle (2).prefab using Guid(119bf7d413a98944986224b51161b131) Importer(815301076,1909f56bfc062723c751e8b465ee728b) [PhysX] Initialized MultithreadedTaskDispatcher with 8 workers.
 -> (artifact id: 'e8676c859f368d2a6612d3b63ebf22bc') in 0.115188 seconds
Number of updated asset objects reloaded before import = 0
Number of asset objects unloaded after import = 0
========================================================================
Received Import Request.
  Time since last request: 0.001763 seconds.
  path: Assets/assets/Circle 5.prefab
  artifactKey: Guid(038871af8fbe0d8429e1d229628ca794) Importer(815301076,1909f56bfc062723c751e8b465ee728b)
Start importing Assets/assets/Circle 5.prefab using Guid(038871af8fbe0d8429e1d229628ca794) Importer(815301076,1909f56bfc062723c751e8b465ee728b) [PhysX] Initialized MultithreadedTaskDispatcher with 8 workers.
 -> (artifact id: 'b3649b3d2271c6e9a2b94e22a5fdf39e') in 0.013355 seconds
Number of updated asset objects reloaded before import = 0
Number of asset objects unloaded after import = 0
========================================================================
Received Import Request.
  Time since last request: 0.033119 seconds.
  path: Assets/assets/Circle (3).prefab
  artifactKey: Guid(4e6e37bcf3303944cb197a73bf2782ba) Importer(815301076,1909f56bfc062723c751e8b465ee728b)
Start importing Assets/assets/Circle (3).prefab using Guid(4e6e37bcf3303944cb197a73bf2782ba) Importer(815301076,1909f56bfc062723c751e8b465ee728b) [PhysX] Initialized MultithreadedTaskDispatcher with 8 workers.
 -> (artifact id: '723ae6743cd79b91839a4a01441f5d34') in 0.033333 seconds
Number of updated asset objects reloaded before import = 0
Number of asset objects unloaded after import = 0
========================================================================
Received Import Request.
  Time since last request: 1061.309925 seconds.
  path: Assets/assets/Circle (2).prefab
  artifactKey: Guid(119bf7d413a98944986224b51161b131) Importer(815301076,1909f56bfc062723c751e8b465ee728b)
Start importing Assets/assets/Circle (2).prefab using Guid(119bf7d413a98944986224b51161b131) Importer(815301076,1909f56bfc062723c751e8b465ee728b) [PhysX] Initialized MultithreadedTaskDispatcher with 8 workers.
 -> (artifact id: '79f54d2367203759424ea287e0e30e90') in 0.049399 seconds
Number of updated asset objects reloaded before import = 0
Number of asset objects unloaded after import = 0
========================================================================
Received Import Request.
  Time since last request: 0.000274 seconds.
  path: Assets/assets/Circle (4).prefab
  artifactKey: Guid(23ac8a0076b48ff40aa34d8274379582) Importer(815301076,1909f56bfc062723c751e8b465ee728b)
Start importing Assets/assets/Circle (4).prefab using Guid(23ac8a0076b48ff40aa34d8274379582) Importer(815301076,1909f56bfc062723c751e8b465ee728b) [PhysX] Initialized MultithreadedTaskDispatcher with 8 workers.
 -> (artifact id: '4f597ed2ddaba10cc313aa7d0c83f846') in 0.004626 seconds
Number of updated asset objects reloaded before import = 0
Number of asset objects unloaded after import = 0
========================================================================
Received Import Request.
  Time since last request: 0.000048 seconds.
  path: Assets/assets/Circle (3).prefab
  artifactKey: Guid(4e6e37bcf3303944cb197a73bf2782ba) Importer(815301076,1909f56bfc062723c751e8b465ee728b)
Start importing Assets/assets/Circle (3).prefab using Guid(4e6e37bcf3303944cb197a73bf2782ba) Importer(815301076,1909f56bfc062723c751e8b465ee728b) [PhysX] Initialized MultithreadedTaskDispatcher with 8 workers.
 -> (artifact id: '723ae6743cd79b91839a4a01441f5d34') in 0.005362 seconds
Number of updated asset objects reloaded before import = 0
Number of asset objects unloaded after import = 0
========================================================================
Received Import Request.
  Time since last request: 8.145897 seconds.
  path: Assets/assets/Circle (2).prefab
  artifactKey: Guid(119bf7d413a98944986224b51161b131) Importer(815301076,1909f56bfc062723c751e8b465ee728b)
Start importing Assets/assets/Circle (2).prefab using Guid(119bf7d413a98944986224b51161b131) Importer(815301076,1909f56bfc062723c751e8b465ee728b) [PhysX] Initialized MultithreadedTaskDispatcher with 8 workers.
 -> (artifact id: '2dfacbf12a97b92ef549a4920d9c2497') in 0.002818 seconds
Number of updated asset objects reloaded before import = 0
Number of asset objects unloaded after import = 0
========================================================================
Received Import Request.
  Time since last request: 0.000054 seconds.
  path: Assets/assets/Circle (4).prefab
  artifactKey: Guid(23ac8a0076b48ff40aa34d8274379582) Importer(815301076,1909f56bfc062723c751e8b465ee728b)
Start importing Assets/assets/Circle (4).prefab using Guid(23ac8a0076b48ff40aa34d8274379582) Importer(815301076,1909f56bfc062723c751e8b465ee728b) [PhysX] Initialized MultithreadedTaskDispatcher with 8 workers.
 -> (artifact id: '4f597ed2ddaba10cc313aa7d0c83f846') in 0.001765 seconds
Number of updated asset objects reloaded before import = 0
Number of asset objects unloaded after import = 0
========================================================================
Received Import Request.
  Time since last request: 0.000049 seconds.
  path: Assets/assets/Circle (3).prefab
  artifactKey: Guid(4e6e37bcf3303944cb197a73bf2782ba) Importer(815301076,1909f56bfc062723c751e8b465ee728b)
Start importing Assets/assets/Circle (3).prefab using Guid(4e6e37bcf3303944cb197a73bf2782ba) Importer(815301076,1909f56bfc062723c751e8b465ee728b) [PhysX] Initialized MultithreadedTaskDispatcher with 8 workers.
 -> (artifact id: '723ae6743cd79b91839a4a01441f5d34') in 0.000945 seconds
Number of updated asset objects reloaded before import = 0
Number of asset objects unloaded after import = 0
========================================================================
Received Import Request.
  Time since last request: 4.373176 seconds.
  path: Assets/assets/Circle (2).prefab
  artifactKey: Guid(119bf7d413a98944986224b51161b131) Importer(815301076,1909f56bfc062723c751e8b465ee728b)
Start importing Assets/assets/Circle (2).prefab using Guid(119bf7d413a98944986224b51161b131) Importer(815301076,1909f56bfc062723c751e8b465ee728b) [PhysX] Initialized MultithreadedTaskDispatcher with 8 workers.
 -> (artifact id: 'b949a30a4ef133109bc0b7e441b5ae51') in 0.005951 seconds
Number of updated asset objects reloaded before import = 0
Number of asset objects unloaded after import = 0
========================================================================
Received Import Request.
  Time since last request: 0.000326 seconds.
  path: Assets/assets/Circle 5.prefab
  artifactKey: Guid(038871af8fbe0d8429e1d229628ca794) Importer(815301076,1909f56bfc062723c751e8b465ee728b)
Start importing Assets/assets/Circle 5.prefab using Guid(038871af8fbe0d8429e1d229628ca794) Importer(815301076,1909f56bfc062723c751e8b465ee728b) [PhysX] Initialized MultithreadedTaskDispatcher with 8 workers.
 -> (artifact id: 'b3649b3d2271c6e9a2b94e22a5fdf39e') in 0.002000 seconds
Number of updated asset objects reloaded before import = 0
Number of asset objects unloaded after import = 0
========================================================================
Received Import Request.
  Time since last request: 6.721323 seconds.
  path: Assets/assets/Circle (2).prefab
  artifactKey: Guid(119bf7d413a98944986224b51161b131) Importer(815301076,1909f56bfc062723c751e8b465ee728b)
Start importing Assets/assets/Circle (2).prefab using Guid(119bf7d413a98944986224b51161b131) Importer(815301076,1909f56bfc062723c751e8b465ee728b) [PhysX] Initialized MultithreadedTaskDispatcher with 8 workers.
 -> (artifact id: 'b949a30a4ef133109bc0b7e441b5ae51') in 0.002574 seconds
Number of updated asset objects reloaded before import = 0
Number of asset objects unloaded after import = 0
========================================================================
Received Import Request.
  Time since last request: 0.000034 seconds.
  path: Assets/assets/Circle 5.prefab
  artifactKey: Guid(038871af8fbe0d8429e1d229628ca794) Importer(815301076,1909f56bfc062723c751e8b465ee728b)
Start importing Assets/assets/Circle 5.prefab using Guid(038871af8fbe0d8429e1d229628ca794) Importer(815301076,1909f56bfc062723c751e8b465ee728b) [PhysX] Initialized MultithreadedTaskDispatcher with 8 workers.
 -> (artifact id: 'b3649b3d2271c6e9a2b94e22a5fdf39e') in 0.000812 seconds
Number of updated asset objects reloaded before import = 0
Number of asset objects unloaded after import = 0
========================================================================
Received Import Request.
  Time since last request: 4.505936 seconds.
  path: Assets/assets/Circle (2).prefab
  artifactKey: Guid(119bf7d413a98944986224b51161b131) Importer(815301076,1909f56bfc062723c751e8b465ee728b)
Start importing Assets/assets/Circle (2).prefab using Guid(119bf7d413a98944986224b51161b131) Importer(815301076,1909f56bfc062723c751e8b465ee728b) [PhysX] Initialized MultithreadedTaskDispatcher with 8 workers.
 -> (artifact id: 'b949a30a4ef133109bc0b7e441b5ae51') in 0.001595 seconds
Number of updated asset objects reloaded before import = 0
Number of asset objects unloaded after import = 0
========================================================================
Received Import Request.
  Time since last request: 6.283085 seconds.
  path: Assets/assets/Circle (2).prefab
  artifactKey: Guid(119bf7d413a98944986224b51161b131) Importer(815301076,1909f56bfc062723c751e8b465ee728b)
Start importing Assets/assets/Circle (2).prefab using Guid(119bf7d413a98944986224b51161b131) Importer(815301076,1909f56bfc062723c751e8b465ee728b) [PhysX] Initialized MultithreadedTaskDispatcher with 8 workers.
 -> (artifact id: 'b949a30a4ef133109bc0b7e441b5ae51') in 0.001220 seconds
Number of updated asset objects reloaded before import = 0
Number of asset objects unloaded after import = 0
========================================================================
Received Import Request.
  Time since last request: 0.000173 seconds.
  path: Assets/assets/Circle (4).prefab
  artifactKey: Guid(23ac8a0076b48ff40aa34d8274379582) Importer(815301076,1909f56bfc062723c751e8b465ee728b)
Start importing Assets/assets/Circle (4).prefab using Guid(23ac8a0076b48ff40aa34d8274379582) Importer(815301076,1909f56bfc062723c751e8b465ee728b) [PhysX] Initialized MultithreadedTaskDispatcher with 8 workers.
 -> (artifact id: 'e0062a3baf5917b907cf674ad311d76e') in 0.001713 seconds
Number of updated asset objects reloaded before import = 0
Number of asset objects unloaded after import = 0
========================================================================
Received Import Request.
  Time since last request: 3.820499 seconds.
  path: Assets/assets/Circle (2).prefab
  artifactKey: Guid(119bf7d413a98944986224b51161b131) Importer(815301076,1909f56bfc062723c751e8b465ee728b)
Start importing Assets/assets/Circle (2).prefab using Guid(119bf7d413a98944986224b51161b131) Importer(815301076,1909f56bfc062723c751e8b465ee728b) [PhysX] Initialized MultithreadedTaskDispatcher with 8 workers.
 -> (artifact id: 'b949a30a4ef133109bc0b7e441b5ae51') in 0.003289 seconds
Number of updated asset objects reloaded before import = 0
Number of asset objects unloaded after import = 0
========================================================================
Received Import Request.
  Time since last request: 0.000284 seconds.
  path: Assets/assets/Circle (3).prefab
  artifactKey: Guid(4e6e37bcf3303944cb197a73bf2782ba) Importer(815301076,1909f56bfc062723c751e8b465ee728b)
Start importing Assets/assets/Circle (3).prefab using Guid(4e6e37bcf3303944cb197a73bf2782ba) Importer(815301076,1909f56bfc062723c751e8b465ee728b) [PhysX] Initialized MultithreadedTaskDispatcher with 8 workers.
 -> (artifact id: 'd4c9f4c27c3c74e3b90add30a0256b52') in 0.001829 seconds
Number of updated asset objects reloaded before import = 0
Number of asset objects unloaded after import = 0
========================================================================
Received Import Request.
  Time since last request: 7.257549 seconds.
  path: Assets/assets/Circle (2).prefab
  artifactKey: Guid(119bf7d413a98944986224b51161b131) Importer(815301076,1909f56bfc062723c751e8b465ee728b)
Start importing Assets/assets/Circle (2).prefab using Guid(119bf7d413a98944986224b51161b131) Importer(815301076,1909f56bfc062723c751e8b465ee728b) [PhysX] Initialized MultithreadedTaskDispatcher with 8 workers.
 -> (artifact id: 'b949a30a4ef133109bc0b7e441b5ae51') in 0.002396 seconds
Number of updated asset objects reloaded before import = 0
Number of asset objects unloaded after import = 0
========================================================================
Received Import Request.
  Time since last request: 0.000360 seconds.
  path: Assets/assets/Circle 5.prefab
  artifactKey: Guid(038871af8fbe0d8429e1d229628ca794) Importer(815301076,1909f56bfc062723c751e8b465ee728b)
Start importing Assets/assets/Circle 5.prefab using Guid(038871af8fbe0d8429e1d229628ca794) Importer(815301076,1909f56bfc062723c751e8b465ee728b) [PhysX] Initialized MultithreadedTaskDispatcher with 8 workers.
 -> (artifact id: 'e419a434ab18283fef4b3270d36c874d') in 0.000980 seconds
Number of updated asset objects reloaded before import = 0
Number of asset objects unloaded after import = 0
========================================================================
Received Import Request.
  Time since last request: 3.274521 seconds.
  path: Assets/assets/Circle (2).prefab
  artifactKey: Guid(119bf7d413a98944986224b51161b131) Importer(815301076,1909f56bfc062723c751e8b465ee728b)
Start importing Assets/assets/Circle (2).prefab using Guid(119bf7d413a98944986224b51161b131) Importer(815301076,1909f56bfc062723c751e8b465ee728b) [PhysX] Initialized MultithreadedTaskDispatcher with 8 workers.
 -> (artifact id: 'b949a30a4ef133109bc0b7e441b5ae51') in 0.001662 seconds
Number of updated asset objects reloaded before import = 0
Number of asset objects unloaded after import = 0
========================================================================
Received Import Request.
  Time since last request: 0.002492 seconds.
  path: Assets/assets/Circle (4).prefab
  artifactKey: Guid(23ac8a0076b48ff40aa34d8274379582) Importer(815301076,1909f56bfc062723c751e8b465ee728b)
Start importing Assets/assets/Circle (4).prefab using Guid(23ac8a0076b48ff40aa34d8274379582) Importer(815301076,1909f56bfc062723c751e8b465ee728b) [PhysX] Initialized MultithreadedTaskDispatcher with 8 workers.
 -> (artifact id: '5f54054ec84eedab81da9defa2402d60') in 0.002069 seconds
Number of updated asset objects reloaded before import = 0
Number of asset objects unloaded after import = 0
========================================================================
Received Import Request.
  Time since last request: 0.000663 seconds.
  path: Assets/assets/Circle (3).prefab
  artifactKey: Guid(4e6e37bcf3303944cb197a73bf2782ba) Importer(815301076,1909f56bfc062723c751e8b465ee728b)
Start importing Assets/assets/Circle (3).prefab using Guid(4e6e37bcf3303944cb197a73bf2782ba) Importer(815301076,1909f56bfc062723c751e8b465ee728b) [PhysX] Initialized MultithreadedTaskDispatcher with 8 workers.
 -> (artifact id: 'd4c9f4c27c3c74e3b90add30a0256b52') in 0.001228 seconds
Number of updated asset objects reloaded before import = 0
Number of asset objects unloaded after import = 0
========================================================================
Received Import Request.
  Time since last request: 113.158662 seconds.
  path: Assets/assets/Circle (2).prefab
  artifactKey: Guid(119bf7d413a98944986224b51161b131) Importer(815301076,1909f56bfc062723c751e8b465ee728b)
Start importing Assets/assets/Circle (2).prefab using Guid(119bf7d413a98944986224b51161b131) Importer(815301076,1909f56bfc062723c751e8b465ee728b) [PhysX] Initialized MultithreadedTaskDispatcher with 8 workers.
 -> (artifact id: 'b949a30a4ef133109bc0b7e441b5ae51') in 0.002626 seconds
Number of updated asset objects reloaded before import = 0
Number of asset objects unloaded after import = 0
========================================================================
Received Import Request.
  Time since last request: 0.000045 seconds.
  path: Assets/assets/Circle (4).prefab
  artifactKey: Guid(23ac8a0076b48ff40aa34d8274379582) Importer(815301076,1909f56bfc062723c751e8b465ee728b)
Start importing Assets/assets/Circle (4).prefab using Guid(23ac8a0076b48ff40aa34d8274379582) Importer(815301076,1909f56bfc062723c751e8b465ee728b) [PhysX] Initialized MultithreadedTaskDispatcher with 8 workers.
 -> (artifact id: '5f54054ec84eedab81da9defa2402d60') in 0.004249 seconds
Number of updated asset objects reloaded before import = 0
Number of asset objects unloaded after import = 0
========================================================================
Received Prepare
Refreshing native plugins compatible for Editor in 18.23 ms, found 4 plugins.
Preloading 0 native plugins for Editor in 0.00 ms.
Unloading 0 Unused Serialized files (Serialized files now loaded: 0)
Unloading 1 unused Assets / (0.9 KB). Loaded Objects now: 4785.
Memory consumption went from 76.9 MB to 76.9 MB.
Total: 83.251200 ms (FindLiveObjects: 0.792600 ms CreateObjectMapping: 0.432200 ms MarkObjects: 81.894700 ms  DeleteObjects: 0.128100 ms)

Prepare: number of updated asset objects reloaded= 0
AssetImportParameters requested are different than current active one (requested -> active):
  custom:container-demuxer-ogg: 62fdf1f143b41e24485cea50d1cbac27 -> 
  custom:video-decoder-ogg-theora: a1e56fd34408186e4bbccfd4996cb3dc -> 
  custom:framework-win-MediaFoundation: 216162199b28c13a410421893ffa2e32 -> 
  custom:CustomObjectIndexerAttribute: 9a22284fe3817be447336de3de66b15e -> 
  custom:container-demuxer-webm: 4f35f7cbe854078d1ac9338744f61a02 -> 
  custom:container-muxer-webm: aa71ff27fc2769a1b78a27578f13a17b -> 
  custom:video-decoder-webm-vp8: 9c59270c3fd7afecdb556c50c9e8de78 -> 
  custom:SearchIndexIgnoredProperties: e643bd26f0fe6173181afceb89e7c659 -> 
  custom:AudioImporter_EditorPlatform: d09bf68614088b80899f8185d706f6e7 -> 
  custom:video-encoder-webm-vp8: eb34c28f22e8b96e1ab97ce403110664 -> 
  custom:audio-decoder-ogg-vorbis: bf7c407c2cedff20999df2af8eb42d56 -> 
  custom:audio-encoder-webm-vorbis: bf7c407c2cedff20999df2af8eb42d56 -> 
========================================================================
Received Import Request.
  Time since last request: 21.966399 seconds.
  path: Assets/assets/Circle (2).prefab
  artifactKey: Guid(119bf7d413a98944986224b51161b131) Importer(815301076,1909f56bfc062723c751e8b465ee728b)
Start importing Assets/assets/Circle (2).prefab using Guid(119bf7d413a98944986224b51161b131) Importer(815301076,1909f56bfc062723c751e8b465ee728b) [PhysX] Initialized MultithreadedTaskDispatcher with 8 workers.
 -> (artifact id: 'b949a30a4ef133109bc0b7e441b5ae51') in 0.002608 seconds
Number of updated asset objects reloaded before import = 0
Number of asset objects unloaded after import = 0
========================================================================
Received Import Request.
  Time since last request: 0.000049 seconds.
  path: Assets/assets/Circle (4).prefab
  artifactKey: Guid(23ac8a0076b48ff40aa34d8274379582) Importer(815301076,1909f56bfc062723c751e8b465ee728b)
Start importing Assets/assets/Circle (4).prefab using Guid(23ac8a0076b48ff40aa34d8274379582) Importer(815301076,1909f56bfc062723c751e8b465ee728b) [PhysX] Initialized MultithreadedTaskDispatcher with 8 workers.
 -> (artifact id: '5f54054ec84eedab81da9defa2402d60') in 0.001693 seconds
Number of updated asset objects reloaded before import = 0
Number of asset objects unloaded after import = 0
========================================================================
Received Import Request.
  Time since last request: 0.000118 seconds.
  path: Assets/assets/Circle (3).prefab
  artifactKey: Guid(4e6e37bcf3303944cb197a73bf2782ba) Importer(815301076,1909f56bfc062723c751e8b465ee728b)
Start importing Assets/assets/Circle (3).prefab using Guid(4e6e37bcf3303944cb197a73bf2782ba) Importer(815301076,1909f56bfc062723c751e8b465ee728b) [PhysX] Initialized MultithreadedTaskDispatcher with 8 workers.
 -> (artifact id: 'd4c9f4c27c3c74e3b90add30a0256b52') in 0.001661 seconds
Number of updated asset objects reloaded before import = 0
Number of asset objects unloaded after import = 0
========================================================================
Received Import Request.
  Time since last request: 1378.871922 seconds.
  path: Assets/assets/Circle (2).prefab
  artifactKey: Guid(119bf7d413a98944986224b51161b131) Importer(815301076,1909f56bfc062723c751e8b465ee728b)
Start importing Assets/assets/Circle (2).prefab using Guid(119bf7d413a98944986224b51161b131) Importer(815301076,1909f56bfc062723c751e8b465ee728b) [PhysX] Initialized MultithreadedTaskDispatcher with 8 workers.
 -> (artifact id: 'b949a30a4ef133109bc0b7e441b5ae51') in 0.034455 seconds
Number of updated asset objects reloaded before import = 0
Number of asset objects unloaded after import = 0
========================================================================
Received Import Request.
  Time since last request: 0.001033 seconds.
  path: Assets/assets/Circle 5.prefab
  artifactKey: Guid(038871af8fbe0d8429e1d229628ca794) Importer(815301076,1909f56bfc062723c751e8b465ee728b)
Start importing Assets/assets/Circle 5.prefab using Guid(038871af8fbe0d8429e1d229628ca794) Importer(815301076,1909f56bfc062723c751e8b465ee728b) [PhysX] Initialized MultithreadedTaskDispatcher with 8 workers.
 -> (artifact id: 'ff3778db593a64930525b8c22648366b') in 0.010957 seconds
Number of updated asset objects reloaded before import = 0
Number of asset objects unloaded after import = 0
========================================================================
Received Import Request.
  Time since last request: 27.836236 seconds.
  path: Assets/assets/Circle (2).prefab
  artifactKey: Guid(119bf7d413a98944986224b51161b131) Importer(815301076,1909f56bfc062723c751e8b465ee728b)
Start importing Assets/assets/Circle (2).prefab using Guid(119bf7d413a98944986224b51161b131) Importer(815301076,1909f56bfc062723c751e8b465ee728b) [PhysX] Initialized MultithreadedTaskDispatcher with 8 workers.
 -> (artifact id: 'b949a30a4ef133109bc0b7e441b5ae51') in 0.047052 seconds
Number of updated asset objects reloaded before import = 0
Number of asset objects unloaded after import = 0
========================================================================
Received Import Request.
  Time since last request: 0.000322 seconds.
  path: Assets/assets/Circle 5.prefab
  artifactKey: Guid(038871af8fbe0d8429e1d229628ca794) Importer(815301076,1909f56bfc062723c751e8b465ee728b)
Start importing Assets/assets/Circle 5.prefab using Guid(038871af8fbe0d8429e1d229628ca794) Importer(815301076,1909f56bfc062723c751e8b465ee728b) [PhysX] Initialized MultithreadedTaskDispatcher with 8 workers.
 -> (artifact id: 'ff3778db593a64930525b8c22648366b') in 0.023352 seconds
Number of updated asset objects reloaded before import = 0
Number of asset objects unloaded after import = 0
========================================================================
Received Prepare
Caller must complete domain reload
0x00007ff6904ceb5d (Unity) StackWalker::GetCurrentCallstack
0x00007ff6904d3c39 (Unity) StackWalker::ShowCallstack
0x00007ff6914c4851 (Unity) GetStacktrace
0x00007ff691b7fa6e (Unity) DebugStringToFile
0x00007ff691b7f7aa (Unity) AssertImplementation
0x00007ff69136268c (Unity) Internal_ADB_WorkerOnly_DomainReload
0x00007ff691848f84 (Unity) WorkerDomainReloadV2
0x00007ff69186a195 (Unity) <lambda_b37b41f03089e3cb3f55061bbc93253d>::operator()
0x00007ff6918a5a22 (Unity) asio::detail::completion_handler<core::mutable_function<void __cdecl(void)>,asio::io_context::basic_executor_type<std::allocator<void>,0> >::do_complete
0x00007ff69189196e (Unity) asio::detail::win_iocp_io_context::do_one
0x00007ff6918935d4 (Unity) asio::detail::win_iocp_io_context::run
0x00007ff6918a3dcc (Unity) IOService::Run
0x00007ff6918771cf (Unity) AssetImportWorkerClient::Run
0x00007ff691842b37 (Unity) RunAssetImportWorkerClientV2
0x00007ff691842bbb (Unity) RunAssetImporterV2
0x00007ff69103ba5e (Unity) Application::InitializeProject
0x00007ff6914cf4e5 (Unity) WinMain
0x00007ff6928814de (Unity) __scrt_common_main_seh
0x00007fff8face8d7 (KERNEL32) BaseThreadInitThunk
0x00007fff9075fbcc (ntdll) RtlUserThreadStart

Begin MonoManager ReloadAssembly
- Loaded All Assemblies, in 28.840 seconds
Native extension for WindowsStandalone target not found
Native extension for Android target not found
[Package Manager] Server::EnsureServerProcessIsRunning -- launch failed, reason: Unity was launched with the -noUpm command-line argument
[Package Manager] UpmClient::Send -- Unable to send message (not connected to UPM process).
[Package Manager] Cannot connect to Unity Package Manager local server
Mono: successfully reloaded assembly
[Package Manager] Server::EnsureServerProcessIsRunning -- launch failed, reason: Unity was launched with the -noUpm command-line argument
[Package Manager] UpmClient::Send -- Unable to send message (not connected to UPM process).
[Package Manager] Cannot connect to Unity Package Manager local server
- Finished resetting the current domain, in 72.617 seconds
Domain Reload Profiling: 101461ms
	BeginReloadAssembly (3967ms)
		ExecutionOrderSort (1ms)
		DisableScriptedObjects (577ms)
		BackupInstance (0ms)
		ReleaseScriptingObjects (2ms)
		CreateAndSetChildDomain (1695ms)
	RebuildCommonClasses (800ms)
	RebuildNativeTypeToScriptingClass (78ms)
	initialDomainReloadingComplete (231ms)
	LoadAllAssembliesAndSetupDomain (23768ms)
		LoadAssemblies (24722ms)
		RebuildTransferFunctionScriptingTraits (0ms)
		AnalyzeDomain (275ms)
			TypeCache.Refresh (150ms)
				TypeCache.ScanAssembly (15ms)
			ScanForSourceGeneratedMonoScriptInfo (94ms)
			ResolveRequiredComponents (27ms)
	FinalizeReload (72618ms)
		ReleaseScriptCaches (0ms)
		RebuildScriptCaches (0ms)
		SetupLoadedEditorAssemblies (3382ms)
			LogAssemblyErrors (0ms)
			InitializePlatformSupportModulesInManaged (126ms)
			SetLoadedEditorAssemblies (26ms)
			RefreshPlugins (0ms)
			BeforeProcessingInitializeOnLoad (416ms)
			ProcessInitializeOnLoadAttributes (2687ms)
			ProcessInitializeOnLoadMethodAttributes (121ms)
			AfterProcessingInitializeOnLoad (5ms)
			EditorAssembliesLoaded (1ms)
		ExecutionOrderSort2 (0ms)
		AwakeInstancesAfterBackupRestoration (73ms)
Refreshing native plugins compatible for Editor in 99.49 ms, found 4 plugins.
Preloading 0 native plugins for Editor in 0.00 ms.
Unloading 4281 Unused Serialized files (Serialized files now loaded: 0)
Unloading 21 unused Assets / (31.1 KB). Loaded Objects now: 4789.
Memory consumption went from 143.5 MB to 143.5 MB.
Total: 27.981300 ms (FindLiveObjects: 0.514900 ms CreateObjectMapping: 0.498600 ms MarkObjects: 26.860400 ms  DeleteObjects: 0.105000 ms)

Prepare: number of updated asset objects reloaded= 0
AssetImportParameters requested are different than current active one (requested -> active):
  custom:container-demuxer-ogg: 62fdf1f143b41e24485cea50d1cbac27 -> 
  custom:video-decoder-ogg-theora: a1e56fd34408186e4bbccfd4996cb3dc -> 
  custom:framework-win-MediaFoundation: 216162199b28c13a410421893ffa2e32 -> 
  custom:CustomObjectIndexerAttribute: 9a22284fe3817be447336de3de66b15e -> 
  custom:container-demuxer-webm: 4f35f7cbe854078d1ac9338744f61a02 -> 
  custom:container-muxer-webm: aa71ff27fc2769a1b78a27578f13a17b -> 
  custom:video-decoder-webm-vp8: 9c59270c3fd7afecdb556c50c9e8de78 -> 
  custom:SearchIndexIgnoredProperties: e643bd26f0fe6173181afceb89e7c659 -> 
  custom:AudioImporter_EditorPlatform: d09bf68614088b80899f8185d706f6e7 -> 
  custom:video-encoder-webm-vp8: eb34c28f22e8b96e1ab97ce403110664 -> 
  custom:audio-decoder-ogg-vorbis: bf7c407c2cedff20999df2af8eb42d56 -> 
  custom:audio-encoder-webm-vorbis: bf7c407c2cedff20999df2af8eb42d56 -> 
========================================================================
Received Import Request.
  Time since last request: 215.671527 seconds.
  path: Assets/assets/Circle (4).prefab
  artifactKey: Guid(23ac8a0076b48ff40aa34d8274379582) Importer(815301076,1909f56bfc062723c751e8b465ee728b)
Start importing Assets/assets/Circle (4).prefab using Guid(23ac8a0076b48ff40aa34d8274379582) Importer(815301076,1909f56bfc062723c751e8b465ee728b) [PhysX] Initialized MultithreadedTaskDispatcher with 8 workers.
 -> (artifact id: '5f54054ec84eedab81da9defa2402d60') in 0.022863 seconds
Number of updated asset objects reloaded before import = 0
Number of asset objects unloaded after import = 0
========================================================================
Received Import Request.
  Time since last request: 0.000064 seconds.
  path: Assets/assets/Circle (1).prefab
  artifactKey: Guid(a5532c3e554cae546bd2080270a4b482) Importer(815301076,1909f56bfc062723c751e8b465ee728b)
Start importing Assets/assets/Circle (1).prefab using Guid(a5532c3e554cae546bd2080270a4b482) Importer(815301076,1909f56bfc062723c751e8b465ee728b) [PhysX] Initialized MultithreadedTaskDispatcher with 8 workers.
 -> (artifact id: '22c0213ad473c3deacd5b1a9ea1957b5') in 0.001215 seconds
Number of updated asset objects reloaded before import = 0
Number of asset objects unloaded after import = 0
========================================================================
Received Prepare
Refreshing native plugins compatible for Editor in 31.93 ms, found 4 plugins.
Preloading 0 native plugins for Editor in 0.00 ms.
Unloading 0 Unused Serialized files (Serialized files now loaded: 0)
Unloading 1 unused Assets / (0.9 KB). Loaded Objects now: 4789.
Memory consumption went from 76.9 MB to 76.9 MB.
Total: 53.360500 ms (FindLiveObjects: 1.769600 ms CreateObjectMapping: 0.571600 ms MarkObjects: 50.799800 ms  DeleteObjects: 0.211700 ms)

Prepare: number of updated asset objects reloaded= 0
AssetImportParameters requested are different than current active one (requested -> active):
  custom:container-demuxer-ogg: 62fdf1f143b41e24485cea50d1cbac27 -> 
  custom:video-decoder-ogg-theora: a1e56fd34408186e4bbccfd4996cb3dc -> 
  custom:framework-win-MediaFoundation: 216162199b28c13a410421893ffa2e32 -> 
  custom:CustomObjectIndexerAttribute: 9a22284fe3817be447336de3de66b15e -> 
  custom:container-demuxer-webm: 4f35f7cbe854078d1ac9338744f61a02 -> 
  custom:container-muxer-webm: aa71ff27fc2769a1b78a27578f13a17b -> 
  custom:video-decoder-webm-vp8: 9c59270c3fd7afecdb556c50c9e8de78 -> 
  custom:SearchIndexIgnoredProperties: e643bd26f0fe6173181afceb89e7c659 -> 
  custom:AudioImporter_EditorPlatform: d09bf68614088b80899f8185d706f6e7 -> 
  custom:video-encoder-webm-vp8: eb34c28f22e8b96e1ab97ce403110664 -> 
  custom:audio-decoder-ogg-vorbis: bf7c407c2cedff20999df2af8eb42d56 -> 
  custom:audio-encoder-webm-vorbis: bf7c407c2cedff20999df2af8eb42d56 -> 
========================================================================
Received Import Request.
  Time since last request: 393.176674 seconds.
  path: Assets/assets/Circle (2).prefab
  artifactKey: Guid(119bf7d413a98944986224b51161b131) Importer(815301076,1909f56bfc062723c751e8b465ee728b)
Start importing Assets/assets/Circle (2).prefab using Guid(119bf7d413a98944986224b51161b131) Importer(815301076,1909f56bfc062723c751e8b465ee728b) [PhysX] Initialized MultithreadedTaskDispatcher with 8 workers.
 -> (artifact id: 'b949a30a4ef133109bc0b7e441b5ae51') in 0.088789 seconds
Number of updated asset objects reloaded before import = 0
Number of asset objects unloaded after import = 0
========================================================================
Received Import Request.
  Time since last request: 0.001865 seconds.
  path: Assets/assets/Circle (4).prefab
  artifactKey: Guid(23ac8a0076b48ff40aa34d8274379582) Importer(815301076,1909f56bfc062723c751e8b465ee728b)
Start importing Assets/assets/Circle (4).prefab using Guid(23ac8a0076b48ff40aa34d8274379582) Importer(815301076,1909f56bfc062723c751e8b465ee728b) [PhysX] Initialized MultithreadedTaskDispatcher with 8 workers.
 -> (artifact id: '5f54054ec84eedab81da9defa2402d60') in 0.005546 seconds
Number of updated asset objects reloaded before import = 0
Number of asset objects unloaded after import = 0
========================================================================
Received Import Request.
  Time since last request: 0.000418 seconds.
  path: Assets/assets/Circle (3).prefab
  artifactKey: Guid(4e6e37bcf3303944cb197a73bf2782ba) Importer(815301076,1909f56bfc062723c751e8b465ee728b)
Start importing Assets/assets/Circle (3).prefab using Guid(4e6e37bcf3303944cb197a73bf2782ba) Importer(815301076,1909f56bfc062723c751e8b465ee728b) [PhysX] Initialized MultithreadedTaskDispatcher with 8 workers.
 -> (artifact id: 'd4c9f4c27c3c74e3b90add30a0256b52') in 0.004435 seconds
Number of updated asset objects reloaded before import = 0
Number of asset objects unloaded after import = 0
========================================================================
Received Import Request.
  Time since last request: 749.819040 seconds.
  path: Assets/assets/Circle (2).prefab
  artifactKey: Guid(119bf7d413a98944986224b51161b131) Importer(815301076,1909f56bfc062723c751e8b465ee728b)
Start importing Assets/assets/Circle (2).prefab using Guid(119bf7d413a98944986224b51161b131) Importer(815301076,1909f56bfc062723c751e8b465ee728b) [PhysX] Initialized MultithreadedTaskDispatcher with 8 workers.
 -> (artifact id: 'b949a30a4ef133109bc0b7e441b5ae51') in 0.105238 seconds
Number of updated asset objects reloaded before import = 0
Number of asset objects unloaded after import = 0
========================================================================
Received Import Request.
  Time since last request: 0.001018 seconds.
  path: Assets/assets/Circle 5.prefab
  artifactKey: Guid(038871af8fbe0d8429e1d229628ca794) Importer(815301076,1909f56bfc062723c751e8b465ee728b)
Start importing Assets/assets/Circle 5.prefab using Guid(038871af8fbe0d8429e1d229628ca794) Importer(815301076,1909f56bfc062723c751e8b465ee728b) [PhysX] Initialized MultithreadedTaskDispatcher with 8 workers.
 -> (artifact id: 'ff3778db593a64930525b8c22648366b') in 0.065373 seconds
Number of updated asset objects reloaded before import = 0
Number of asset objects unloaded after import = 0
========================================================================
Received Import Request.
  Time since last request: 249.338537 seconds.
  path: Assets/assets/Circle (2).prefab
  artifactKey: Guid(119bf7d413a98944986224b51161b131) Importer(815301076,1909f56bfc062723c751e8b465ee728b)
Start importing Assets/assets/Circle (2).prefab using Guid(119bf7d413a98944986224b51161b131) Importer(815301076,1909f56bfc062723c751e8b465ee728b) [PhysX] Initialized MultithreadedTaskDispatcher with 8 workers.
 -> (artifact id: 'b949a30a4ef133109bc0b7e441b5ae51') in 0.007295 seconds
Number of updated asset objects reloaded before import = 0
Number of asset objects unloaded after import = 0
========================================================================
Received Import Request.
  Time since last request: 0.000063 seconds.
  path: Assets/assets/Circle (4).prefab
  artifactKey: Guid(23ac8a0076b48ff40aa34d8274379582) Importer(815301076,1909f56bfc062723c751e8b465ee728b)
Start importing Assets/assets/Circle (4).prefab using Guid(23ac8a0076b48ff40aa34d8274379582) Importer(815301076,1909f56bfc062723c751e8b465ee728b) [PhysX] Initialized MultithreadedTaskDispatcher with 8 workers.
 -> (artifact id: '5f54054ec84eedab81da9defa2402d60') in 0.004190 seconds
Number of updated asset objects reloaded before import = 0
Number of asset objects unloaded after import = 0
========================================================================
Received Import Request.
  Time since last request: 0.000059 seconds.
  path: Assets/assets/Circle (3).prefab
  artifactKey: Guid(4e6e37bcf3303944cb197a73bf2782ba) Importer(815301076,1909f56bfc062723c751e8b465ee728b)
Start importing Assets/assets/Circle (3).prefab using Guid(4e6e37bcf3303944cb197a73bf2782ba) Importer(815301076,1909f56bfc062723c751e8b465ee728b) [PhysX] Initialized MultithreadedTaskDispatcher with 8 workers.
 -> (artifact id: 'd4c9f4c27c3c74e3b90add30a0256b52') in 0.005518 seconds
Number of updated asset objects reloaded before import = 0
Number of asset objects unloaded after import = 0
========================================================================
Received Prepare
Caller must complete domain reload
0x00007ff6904ceb5d (Unity) StackWalker::GetCurrentCallstack
0x00007ff6904d3c39 (Unity) StackWalker::ShowCallstack
0x00007ff6914c4851 (Unity) GetStacktrace
0x00007ff691b7fa6e (Unity) DebugStringToFile
0x00007ff691b7f7aa (Unity) AssertImplementation
0x00007ff69136268c (Unity) Internal_ADB_WorkerOnly_DomainReload
0x00007ff691848f84 (Unity) WorkerDomainReloadV2
0x00007ff69186a195 (Unity) <lambda_b37b41f03089e3cb3f55061bbc93253d>::operator()
0x00007ff6918a5a22 (Unity) asio::detail::completion_handler<core::mutable_function<void __cdecl(void)>,asio::io_context::basic_executor_type<std::allocator<void>,0> >::do_complete
0x00007ff69189196e (Unity) asio::detail::win_iocp_io_context::do_one
0x00007ff6918935d4 (Unity) asio::detail::win_iocp_io_context::run
0x00007ff6918a3dcc (Unity) IOService::Run
0x00007ff6918771cf (Unity) AssetImportWorkerClient::Run
0x00007ff691842b37 (Unity) RunAssetImportWorkerClientV2
0x00007ff691842bbb (Unity) RunAssetImporterV2
0x00007ff69103ba5e (Unity) Application::InitializeProject
0x00007ff6914cf4e5 (Unity) WinMain
0x00007ff6928814de (Unity) __scrt_common_main_seh
0x00007fff8face8d7 (KERNEL32) BaseThreadInitThunk
0x00007fff9075fbcc (ntdll) RtlUserThreadStart

Begin MonoManager ReloadAssembly
- Loaded All Assemblies, in 10.533 seconds
Native extension for WindowsStandalone target not found
Native extension for Android target not found
[Package Manager] Server::EnsureServerProcessIsRunning -- launch failed, reason: Unity was launched with the -noUpm command-line argument
[Package Manager] UpmClient::Send -- Unable to send message (not connected to UPM process).
[Package Manager] Cannot connect to Unity Package Manager local server
Mono: successfully reloaded assembly
[Package Manager] Server::EnsureServerProcessIsRunning -- launch failed, reason: Unity was launched with the -noUpm command-line argument
[Package Manager] UpmClient::Send -- Unable to send message (not connected to UPM process).
[Package Manager] Cannot connect to Unity Package Manager local server
- Finished resetting the current domain, in 12.601 seconds
Domain Reload Profiling: 23137ms
	BeginReloadAssembly (3899ms)
		ExecutionOrderSort (0ms)
		DisableScriptedObjects (680ms)
		BackupInstance (0ms)
		ReleaseScriptingObjects (1ms)
		CreateAndSetChildDomain (1555ms)
	RebuildCommonClasses (224ms)
	RebuildNativeTypeToScriptingClass (76ms)
	initialDomainReloadingComplete (226ms)
	LoadAllAssembliesAndSetupDomain (6109ms)
		LoadAssemblies (6954ms)
		RebuildTransferFunctionScriptingTraits (0ms)
		AnalyzeDomain (285ms)
			TypeCache.Refresh (131ms)
				TypeCache.ScanAssembly (2ms)
			ScanForSourceGeneratedMonoScriptInfo (99ms)
			ResolveRequiredComponents (52ms)
	FinalizeReload (12602ms)
		ReleaseScriptCaches (0ms)
		RebuildScriptCaches (0ms)
		SetupLoadedEditorAssemblies (4126ms)
			LogAssemblyErrors (0ms)
			InitializePlatformSupportModulesInManaged (206ms)
			SetLoadedEditorAssemblies (15ms)
			RefreshPlugins (0ms)
			BeforeProcessingInitializeOnLoad (687ms)
			ProcessInitializeOnLoadAttributes (3018ms)
			ProcessInitializeOnLoadMethodAttributes (184ms)
			AfterProcessingInitializeOnLoad (15ms)
			EditorAssembliesLoaded (1ms)
		ExecutionOrderSort2 (0ms)
		AwakeInstancesAfterBackupRestoration (47ms)
Refreshing native plugins compatible for Editor in 94.09 ms, found 4 plugins.
Preloading 0 native plugins for Editor in 0.00 ms.
Unloading 4281 Unused Serialized files (Serialized files now loaded: 0)
Unloading 21 unused Assets / (31.1 KB). Loaded Objects now: 4793.
Memory consumption went from 143.5 MB to 143.5 MB.
Total: 45.822800 ms (FindLiveObjects: 0.743700 ms CreateObjectMapping: 0.513500 ms MarkObjects: 44.450900 ms  DeleteObjects: 0.112500 ms)

Prepare: number of updated asset objects reloaded= 0
AssetImportParameters requested are different than current active one (requested -> active):
  custom:container-demuxer-ogg: 62fdf1f143b41e24485cea50d1cbac27 -> 
  custom:video-decoder-ogg-theora: a1e56fd34408186e4bbccfd4996cb3dc -> 
  custom:framework-win-MediaFoundation: 216162199b28c13a410421893ffa2e32 -> 
  custom:CustomObjectIndexerAttribute: 9a22284fe3817be447336de3de66b15e -> 
  custom:container-demuxer-webm: 4f35f7cbe854078d1ac9338744f61a02 -> 
  custom:container-muxer-webm: aa71ff27fc2769a1b78a27578f13a17b -> 
  custom:video-decoder-webm-vp8: 9c59270c3fd7afecdb556c50c9e8de78 -> 
  custom:SearchIndexIgnoredProperties: e643bd26f0fe6173181afceb89e7c659 -> 
  custom:AudioImporter_EditorPlatform: d09bf68614088b80899f8185d706f6e7 -> 
  custom:video-encoder-webm-vp8: eb34c28f22e8b96e1ab97ce403110664 -> 
  custom:audio-decoder-ogg-vorbis: bf7c407c2cedff20999df2af8eb42d56 -> 
  custom:audio-encoder-webm-vorbis: bf7c407c2cedff20999df2af8eb42d56 -> 
========================================================================
Received Import Request.
  Time since last request: 71.861183 seconds.
  path: Assets/assets/Circle 5.prefab
  artifactKey: Guid(038871af8fbe0d8429e1d229628ca794) Importer(815301076,1909f56bfc062723c751e8b465ee728b)
Start importing Assets/assets/Circle 5.prefab using Guid(038871af8fbe0d8429e1d229628ca794) Importer(815301076,1909f56bfc062723c751e8b465ee728b) [PhysX] Initialized MultithreadedTaskDispatcher with 8 workers.
 -> (artifact id: 'ff3778db593a64930525b8c22648366b') in 0.020642 seconds
Number of updated asset objects reloaded before import = 0
Number of asset objects unloaded after import = 0
========================================================================
Received Import Request.
  Time since last request: 0.000087 seconds.
  path: Assets/assets/Circle (1).prefab
  artifactKey: Guid(a5532c3e554cae546bd2080270a4b482) Importer(815301076,1909f56bfc062723c751e8b465ee728b)
Start importing Assets/assets/Circle (1).prefab using Guid(a5532c3e554cae546bd2080270a4b482) Importer(815301076,1909f56bfc062723c751e8b465ee728b) [PhysX] Initialized MultithreadedTaskDispatcher with 8 workers.
 -> (artifact id: '22c0213ad473c3deacd5b1a9ea1957b5') in 0.001437 seconds
Number of updated asset objects reloaded before import = 0
Number of asset objects unloaded after import = 0
========================================================================
Received Prepare
Refreshing native plugins compatible for Editor in 32.42 ms, found 4 plugins.
Preloading 0 native plugins for Editor in 0.00 ms.
Unloading 0 Unused Serialized files (Serialized files now loaded: 0)
Unloading 1 unused Assets / (0.9 KB). Loaded Objects now: 4793.
Memory consumption went from 76.9 MB to 76.9 MB.
Total: 9.060800 ms (FindLiveObjects: 0.487100 ms CreateObjectMapping: 0.468200 ms MarkObjects: 8.053000 ms  DeleteObjects: 0.049800 ms)

Prepare: number of updated asset objects reloaded= 0
AssetImportParameters requested are different than current active one (requested -> active):
  custom:container-demuxer-ogg: 62fdf1f143b41e24485cea50d1cbac27 -> 
  custom:video-decoder-ogg-theora: a1e56fd34408186e4bbccfd4996cb3dc -> 
  custom:framework-win-MediaFoundation: 216162199b28c13a410421893ffa2e32 -> 
  custom:CustomObjectIndexerAttribute: 9a22284fe3817be447336de3de66b15e -> 
  custom:container-demuxer-webm: 4f35f7cbe854078d1ac9338744f61a02 -> 
  custom:container-muxer-webm: aa71ff27fc2769a1b78a27578f13a17b -> 
  custom:video-decoder-webm-vp8: 9c59270c3fd7afecdb556c50c9e8de78 -> 
  custom:SearchIndexIgnoredProperties: e643bd26f0fe6173181afceb89e7c659 -> 
  custom:AudioImporter_EditorPlatform: d09bf68614088b80899f8185d706f6e7 -> 
  custom:video-encoder-webm-vp8: eb34c28f22e8b96e1ab97ce403110664 -> 
  custom:audio-decoder-ogg-vorbis: bf7c407c2cedff20999df2af8eb42d56 -> 
  custom:audio-encoder-webm-vorbis: bf7c407c2cedff20999df2af8eb42d56 -> 
========================================================================
Received Import Request.
  Time since last request: 29.921450 seconds.
  path: Assets/assets/Circle (2).prefab
  artifactKey: Guid(119bf7d413a98944986224b51161b131) Importer(815301076,1909f56bfc062723c751e8b465ee728b)
Start importing Assets/assets/Circle (2).prefab using Guid(119bf7d413a98944986224b51161b131) Importer(815301076,1909f56bfc062723c751e8b465ee728b) [PhysX] Initialized MultithreadedTaskDispatcher with 8 workers.
 -> (artifact id: 'b949a30a4ef133109bc0b7e441b5ae51') in 0.001359 seconds
Number of updated asset objects reloaded before import = 0
Number of asset objects unloaded after import = 0
========================================================================
Received Import Request.
  Time since last request: 0.000030 seconds.
  path: Assets/assets/Circle 5.prefab
  artifactKey: Guid(038871af8fbe0d8429e1d229628ca794) Importer(815301076,1909f56bfc062723c751e8b465ee728b)
Start importing Assets/assets/Circle 5.prefab using Guid(038871af8fbe0d8429e1d229628ca794) Importer(815301076,1909f56bfc062723c751e8b465ee728b) [PhysX] Initialized MultithreadedTaskDispatcher with 8 workers.
 -> (artifact id: 'ff3778db593a64930525b8c22648366b') in 0.001228 seconds
Number of updated asset objects reloaded before import = 0
Number of asset objects unloaded after import = 0
========================================================================
Received Import Request.
  Time since last request: 16220.998336 seconds.
  path: Assets/assets/Circle (2).prefab
  artifactKey: Guid(119bf7d413a98944986224b51161b131) Importer(815301076,1909f56bfc062723c751e8b465ee728b)
Start importing Assets/assets/Circle (2).prefab using Guid(119bf7d413a98944986224b51161b131) Importer(815301076,1909f56bfc062723c751e8b465ee728b) [PhysX] Initialized MultithreadedTaskDispatcher with 8 workers.
 -> (artifact id: 'b949a30a4ef133109bc0b7e441b5ae51') in 0.131228 seconds
Number of updated asset objects reloaded before import = 0
Number of asset objects unloaded after import = 0
========================================================================
Received Import Request.
  Time since last request: 0.002683 seconds.
  path: Assets/assets/Circle (4).prefab
  artifactKey: Guid(23ac8a0076b48ff40aa34d8274379582) Importer(815301076,1909f56bfc062723c751e8b465ee728b)
Start importing Assets/assets/Circle (4).prefab using Guid(23ac8a0076b48ff40aa34d8274379582) Importer(815301076,1909f56bfc062723c751e8b465ee728b) [PhysX] Initialized MultithreadedTaskDispatcher with 8 workers.
 -> (artifact id: '5f54054ec84eedab81da9defa2402d60') in 0.015684 seconds
Number of updated asset objects reloaded before import = 0
Number of asset objects unloaded after import = 0
========================================================================
Received Import Request.
  Time since last request: 0.005035 seconds.
  path: Assets/assets/Circle (3).prefab
  artifactKey: Guid(4e6e37bcf3303944cb197a73bf2782ba) Importer(815301076,1909f56bfc062723c751e8b465ee728b)
Start importing Assets/assets/Circle (3).prefab using Guid(4e6e37bcf3303944cb197a73bf2782ba) Importer(815301076,1909f56bfc062723c751e8b465ee728b) [PhysX] Initialized MultithreadedTaskDispatcher with 8 workers.
 -> (artifact id: 'd4c9f4c27c3c74e3b90add30a0256b52') in 0.002574 seconds
Number of updated asset objects reloaded before import = 0
Number of asset objects unloaded after import = 0
